# JRE version: Java(TM) SE Runtime Environment (8.0_161-b12) (build 1.8.0_161-b12)
# Java VM: Java HotSpot(TM) 64-Bit Server VM (25.161-b12 mixed mode linux-amd64 compressed oops)
Heap:
 PSYoungGen      total 273920K, used 5799K [0x00000000eb780000, 0x0000000100000000, 0x0000000100000000)
  eden space 245248K, 0% used [0x00000000eb780000,0x00000000eb780000,0x00000000fa700000)
  from space 28672K, 20% used [0x00000000fe400000,0x00000000fe9a9e18,0x0000000100000000)
  to   space 45568K, 0% used [0x00000000fa700000,0x00000000fa700000,0x00000000fd380000)
 ParOldGen       total 82432K, used 82270K [0x00000000c2600000, 0x00000000c7680000, 0x00000000eb780000)
  object space 82432K, 99% used [0x00000000c2600000,0x00000000c7657af8,0x00000000c7680000)
 Metaspace       used 38059K, capacity 39324K, committed 39552K, reserved 1083392K
  class space    used 4222K, capacity 4632K, committed 4736K, reserved 1048576K
GC Heap History (10 events):
Event: 273.691 GC heap after
Heap after GC invocations=18 (full 2):
 PSYoungGen      total 245248K, used 7472K [0x00000000eb780000, 0x00000000fbb00000, 0x0000000100000000)
  eden space 224768K, 0% used [0x00000000eb780000,0x00000000eb780000,0x00000000f9300000)
  from space 20480K, 36% used [0x00000000fa700000,0x00000000fae4c3b0,0x00000000fbb00000)
  to   space 20480K, 0% used [0x00000000f9300000,0x00000000f9300000,0x00000000fa700000)
 ParOldGen       total 77824K, used 29461K [0x00000000c2600000, 0x00000000c7200000, 0x00000000eb780000)
  object space 77824K, 37% used [0x00000000c2600000,0x00000000c42c55f8,0x00000000c7200000)
 Metaspace       used 37110K, capacity 38284K, committed 38656K, reserved 1083392K
  class space    used 4118K, capacity 4524K, committed 4608K, reserved 1048576K
}
Event: 280.102 GC heap before
{Heap before GC invocations=19 (full 2):
 PSYoungGen      total 245248K, used 232240K [0x00000000eb780000, 0x00000000fbb00000, 0x0000000100000000)
  eden space 224768K, 100% used [0x00000000eb780000,0x00000000f9300000,0x00000000f9300000)
  from space 20480K, 36% used [0x00000000fa700000,0x00000000fae4c3b0,0x00000000fbb00000)
  to   space 20480K, 0% used [0x00000000f9300000,0x00000000f9300000,0x00000000fa700000)
 ParOldGen       total 77824K, used 29461K [0x00000000c2600000, 0x00000000c7200000, 0x00000000eb780000)
  object space 77824K, 37% used [0x00000000c2600000,0x00000000c42c55f8,0x00000000c7200000)
 Metaspace       used 37150K, capacity 38354K, committed 38656K, reserved 1083392K
  class space    used 4119K, capacity 4525K, committed 4608K, reserved 1048576K
Event: 280.113 GC heap after
Heap after GC invocations=19 (full 2):
 PSYoungGen      total 245248K, used 7760K [0x00000000eb780000, 0x00000000fcb80000, 0x0000000100000000)
  eden space 224768K, 0% used [0x00000000eb780000,0x00000000eb780000,0x00000000f9300000)
  from space 20480K, 37% used [0x00000000f9300000,0x00000000f9a943d0,0x00000000fa700000)
  to   space 19968K, 0% used [0x00000000fb800000,0x00000000fb800000,0x00000000fcb80000)
 ParOldGen       total 77824K, used 29469K [0x00000000c2600000, 0x00000000c7200000, 0x00000000eb780000)
  object space 77824K, 37% used [0x00000000c2600000,0x00000000c42c75f8,0x00000000c7200000)
 Metaspace       used 37150K, capacity 38354K, committed 38656K, reserved 1083392K
  class space    used 4119K, capacity 4525K, committed 4608K, reserved 1048576K
}
Event: 281.050 GC heap before
{Heap before GC invocations=20 (full 2):
 PSYoungGen      total 245248K, used 232528K [0x00000000eb780000, 0x00000000fcb80000, 0x0000000100000000)
  eden space 224768K, 100% used [0x00000000eb780000,0x00000000f9300000,0x00000000f9300000)
  from space 20480K, 37% used [0x00000000f9300000,0x00000000f9a943d0,0x00000000fa700000)
  to   space 19968K, 0% used [0x00000000fb800000,0x00000000fb800000,0x00000000fcb80000)
 ParOldGen       total 77824K, used 29469K [0x00000000c2600000, 0x00000000c7200000, 0x00000000eb780000)
  object space 77824K, 37% used [0x00000000c2600000,0x00000000c42c75f8,0x00000000c7200000)
 Metaspace       used 37186K, capacity 38372K, committed 38656K, reserved 1083392K
  class space    used 4121K, capacity 4528K, committed 4608K, reserved 1048576K
Event: 281.184 GC heap after
Heap after GC invocations=20 (full 2):
 PSYoungGen      total 263680K, used 8826K [0x00000000eb780000, 0x00000000ff000000, 0x0000000100000000)
  eden space 243712K, 0% used [0x00000000eb780000,0x00000000eb780000,0x00000000fa580000)
  from space 19968K, 44% used [0x00000000fb800000,0x00000000fc09e9f0,0x00000000fcb80000)
  to   space 18944K, 0% used [0x00000000fa580000,0x00000000fa580000,0x00000000fb800000)
 ParOldGen       total 77824K, used 29477K [0x00000000c2600000, 0x00000000c7200000, 0x00000000eb780000)
  object space 77824K, 37% used [0x00000000c2600000,0x00000000c42c95f8,0x00000000c7200000)
 Metaspace       used 37186K, capacity 38372K, committed 38656K, reserved 1083392K
  class space    used 4121K, capacity 4528K, committed 4608K, reserved 1048576K
}
Event: 286.373 GC heap before
{Heap before GC invocations=21 (full 2):
 PSYoungGen      total 263680K, used 252538K [0x00000000eb780000, 0x00000000ff000000, 0x0000000100000000)
  eden space 243712K, 100% used [0x00000000eb780000,0x00000000fa580000,0x00000000fa580000)
  from space 19968K, 44% used [0x00000000fb800000,0x00000000fc09e9f0,0x00000000fcb80000)
  to   space 18944K, 0% used [0x00000000fa580000,0x00000000fa580000,0x00000000fb800000)
 ParOldGen       total 77824K, used 29477K [0x00000000c2600000, 0x00000000c7200000, 0x00000000eb780000)
  object space 77824K, 37% used [0x00000000c2600000,0x00000000c42c95f8,0x00000000c7200000)
 Metaspace       used 38053K, capacity 39324K, committed 39552K, reserved 1083392K
  class space    used 4222K, capacity 4632K, committed 4736K, reserved 1048576K
Event: 286.484 GC heap after
Heap after GC invocations=21 (full 2):
 PSYoungGen      total 262656K, used 18919K [0x00000000eb780000, 0x0000000100000000, 0x0000000100000000)
  eden space 243712K, 0% used [0x00000000eb780000,0x00000000eb780000,0x00000000fa580000)
  from space 18944K, 99% used [0x00000000fa580000,0x00000000fb7f9ca8,0x00000000fb800000)
  to   space 28672K, 0% used [0x00000000fe400000,0x00000000fe400000,0x0000000100000000)
 ParOldGen       total 77824K, used 49308K [0x00000000c2600000, 0x00000000c7200000, 0x00000000eb780000)
  object space 77824K, 63% used [0x00000000c2600000,0x00000000c56273c0,0x00000000c7200000)
 Metaspace       used 38053K, capacity 39324K, committed 39552K, reserved 1083392K
  class space    used 4222K, capacity 4632K, committed 4736K, reserved 1048576K
}
Event: 288.144 GC heap before
{Heap before GC invocations=22 (full 2):
 PSYoungGen      total 262656K, used 262631K [0x00000000eb780000, 0x0000000100000000, 0x0000000100000000)
  eden space 243712K, 100% used [0x00000000eb780000,0x00000000fa580000,0x00000000fa580000)
  from space 18944K, 99% used [0x00000000fa580000,0x00000000fb7f9ca8,0x00000000fb800000)
  to   space 28672K, 0% used [0x00000000fe400000,0x00000000fe400000,0x0000000100000000)
 ParOldGen       total 77824K, used 49308K [0x00000000c2600000, 0x00000000c7200000, 0x00000000eb780000)
  object space 77824K, 63% used [0x00000000c2600000,0x00000000c56273c0,0x00000000c7200000)
 Metaspace       used 38059K, capacity 39324K, committed 39552K, reserved 1083392K
  class space    used 4222K, capacity 4632K, committed 4736K, reserved 1048576K
Event: 288.237 GC heap after
Heap after GC invocations=22 (full 2):
 PSYoungGen      total 273920K, used 28661K [0x00000000eb780000, 0x0000000100000000, 0x0000000100000000)
  eden space 245248K, 0% used [0x00000000eb780000,0x00000000eb780000,0x00000000fa700000)
  from space 28672K, 99% used [0x00000000fe400000,0x00000000ffffd6d0,0x0000000100000000)
  to   space 45568K, 0% used [0x00000000fa700000,0x00000000fa700000,0x00000000fd380000)
 ParOldGen       total 82432K, used 82327K [0x00000000c2600000, 0x00000000c7680000, 0x00000000eb780000)
  object space 82432K, 99% used [0x00000000c2600000,0x00000000c7665ca8,0x00000000c7680000)
 Metaspace       used 38059K, capacity 39324K, committed 39552K, reserved 1083392K
  class space    used 4222K, capacity 4632K, committed 4736K, reserved 1048576K
}
Event: 288.237 GC heap before
{Heap before GC invocations=23 (full 3):
 PSYoungGen      total 273920K, used 28661K [0x00000000eb780000, 0x0000000100000000, 0x0000000100000000)
  eden space 245248K, 0% used [0x00000000eb780000,0x00000000eb780000,0x00000000fa700000)
  from space 28672K, 99% used [0x00000000fe400000,0x00000000ffffd6d0,0x0000000100000000)
  to   space 45568K, 0% used [0x00000000fa700000,0x00000000fa700000,0x00000000fd380000)
 ParOldGen       total 82432K, used 82327K [0x00000000c2600000, 0x00000000c7680000, 0x00000000eb780000)
  object space 82432K, 99% used [0x00000000c2600000,0x00000000c7665ca8,0x00000000c7680000)
 Metaspace       used 38059K, capacity 39324K, committed 39552K, reserved 1083392K
  class space    used 4222K, capacity 4632K, committed 4736K, reserved 1048576K

