# JRE version: Java(TM) SE Runtime Environment (8.0_161-b12) (build 1.8.0_161-b12)
# Java VM: Java HotSpot(TM) 64-Bit Server VM (25.161-b12 mixed mode linux-amd64 compressed oops)
Heap:
 PSYoungGen      total 660992K, used 0K [0x00000000d5580000, 0x00000000ffb00000, 0x0000000100000000)
  eden space 635392K, 0% used [0x00000000d5580000,0x00000000d5580000,0x00000000fc200000)
  from space 25600K, 0% used [0x00000000fe200000,0x00000000fe200000,0x00000000ffb00000)
  to   space 29184K, 0% used [0x00000000fc200000,0x00000000fc200000,0x00000000fde80000)
 ParOldGen       total 169472K, used 119419K [0x0000000080000000, 0x000000008a580000, 0x00000000d5580000)
  object space 169472K, 70% used [0x0000000080000000,0x000000008749edc8,0x000000008a580000)
 Metaspace       used 52489K, capacity 54481K, committed 54616K, reserved 1097728K
  class space    used 6630K, capacity 7022K, committed 7040K, reserved 1048576K
GC Heap History (10 events):
Event: 49.638 GC heap after
Heap after GC invocations=21 (full 2):
 PSYoungGen      total 498688K, used 19488K [0x00000000d5580000, 0x00000000fc280000, 0x0000000100000000)
  eden space 476672K, 0% used [0x00000000d5580000,0x00000000d5580000,0x00000000f2700000)
  from space 22016K, 88% used [0x00000000f2700000,0x00000000f3a08000,0x00000000f3c80000)
  to   space 24576K, 0% used [0x00000000faa80000,0x00000000faa80000,0x00000000fc280000)
 ParOldGen       total 77312K, used 74597K [0x0000000080000000, 0x0000000084b80000, 0x00000000d5580000)
  object space 77312K, 96% used [0x0000000080000000,0x00000000848d9710,0x0000000084b80000)
 Metaspace       used 51583K, capacity 53627K, committed 53848K, reserved 1095680K
  class space    used 6634K, capacity 7033K, committed 7040K, reserved 1048576K
}
Event: 49.638 GC heap before
{Heap before GC invocations=22 (full 3):
 PSYoungGen      total 498688K, used 19488K [0x00000000d5580000, 0x00000000fc280000, 0x0000000100000000)
  eden space 476672K, 0% used [0x00000000d5580000,0x00000000d5580000,0x00000000f2700000)
  from space 22016K, 88% used [0x00000000f2700000,0x00000000f3a08000,0x00000000f3c80000)
  to   space 24576K, 0% used [0x00000000faa80000,0x00000000faa80000,0x00000000fc280000)
 ParOldGen       total 77312K, used 74597K [0x0000000080000000, 0x0000000084b80000, 0x00000000d5580000)
  object space 77312K, 96% used [0x0000000080000000,0x00000000848d9710,0x0000000084b80000)
 Metaspace       used 51583K, capacity 53627K, committed 53848K, reserved 1095680K
  class space    used 6634K, capacity 7033K, committed 7040K, reserved 1048576K
Event: 50.014 GC heap after
Heap after GC invocations=22 (full 3):
 PSYoungGen      total 498688K, used 0K [0x00000000d5580000, 0x00000000fc280000, 0x0000000100000000)
  eden space 476672K, 0% used [0x00000000d5580000,0x00000000d5580000,0x00000000f2700000)
  from space 22016K, 0% used [0x00000000f2700000,0x00000000f2700000,0x00000000f3c80000)
  to   space 24576K, 0% used [0x00000000faa80000,0x00000000faa80000,0x00000000fc280000)
 ParOldGen       total 125952K, used 66920K [0x0000000080000000, 0x0000000087b00000, 0x00000000d5580000)
  object space 125952K, 53% used [0x0000000080000000,0x000000008415a3e0,0x0000000087b00000)
 Metaspace       used 51558K, capacity 53579K, committed 53848K, reserved 1095680K
  class space    used 6627K, capacity 7021K, committed 7040K, reserved 1048576K
}
Event: 74.163 GC heap before
{Heap before GC invocations=23 (full 3):
 PSYoungGen      total 498688K, used 476672K [0x00000000d5580000, 0x00000000fc280000, 0x0000000100000000)
  eden space 476672K, 100% used [0x00000000d5580000,0x00000000f2700000,0x00000000f2700000)
  from space 22016K, 0% used [0x00000000f2700000,0x00000000f2700000,0x00000000f3c80000)
  to   space 24576K, 0% used [0x00000000faa80000,0x00000000faa80000,0x00000000fc280000)
 ParOldGen       total 125952K, used 66920K [0x0000000080000000, 0x0000000087b00000, 0x00000000d5580000)
  object space 125952K, 53% used [0x0000000080000000,0x000000008415a3e0,0x0000000087b00000)
 Metaspace       used 51759K, capacity 53771K, committed 53848K, reserved 1095680K
  class space    used 6627K, capacity 7021K, committed 7040K, reserved 1048576K
Event: 74.203 GC heap after
Heap after GC invocations=23 (full 3):
 PSYoungGen      total 603136K, used 24571K [0x00000000d5580000, 0x00000000fcd80000, 0x0000000100000000)
  eden space 578560K, 0% used [0x00000000d5580000,0x00000000d5580000,0x00000000f8a80000)
  from space 24576K, 99% used [0x00000000faa80000,0x00000000fc27ef70,0x00000000fc280000)
  to   space 32768K, 0% used [0x00000000f8a80000,0x00000000f8a80000,0x00000000faa80000)
 ParOldGen       total 125952K, used 77688K [0x0000000080000000, 0x0000000087b00000, 0x00000000d5580000)
  object space 125952K, 61% used [0x0000000080000000,0x0000000084bde120,0x0000000087b00000)
 Metaspace       used 51759K, capacity 53771K, committed 53848K, reserved 1095680K
  class space    used 6627K, capacity 7021K, committed 7040K, reserved 1048576K
}
Event: 134.495 GC heap before
{Heap before GC invocations=24 (full 3):
 PSYoungGen      total 603136K, used 603131K [0x00000000d5580000, 0x00000000fcd80000, 0x0000000100000000)
  eden space 578560K, 100% used [0x00000000d5580000,0x00000000f8a80000,0x00000000f8a80000)
  from space 24576K, 99% used [0x00000000faa80000,0x00000000fc27ef70,0x00000000fc280000)
  to   space 32768K, 0% used [0x00000000f8a80000,0x00000000f8a80000,0x00000000faa80000)
 ParOldGen       total 125952K, used 77688K [0x0000000080000000, 0x0000000087b00000, 0x00000000d5580000)
  object space 125952K, 61% used [0x0000000080000000,0x0000000084bde120,0x0000000087b00000)
 Metaspace       used 52158K, capacity 54161K, committed 54360K, reserved 1097728K
  class space    used 6629K, capacity 7022K, committed 7040K, reserved 1048576K
Event: 134.611 GC heap after
Heap after GC invocations=24 (full 3):
 PSYoungGen      total 611328K, used 12384K [0x00000000d5580000, 0x0000000100000000, 0x0000000100000000)
  eden space 578560K, 0% used [0x00000000d5580000,0x00000000d5580000,0x00000000f8a80000)
  from space 32768K, 37% used [0x00000000f8a80000,0x00000000f9698000,0x00000000faa80000)
  to   space 30720K, 0% used [0x00000000fe200000,0x00000000fe200000,0x0000000100000000)
 ParOldGen       total 125952K, used 101659K [0x0000000080000000, 0x0000000087b00000, 0x00000000d5580000)
  object space 125952K, 80% used [0x0000000080000000,0x0000000086346f18,0x0000000087b00000)
 Metaspace       used 52158K, capacity 54161K, committed 54360K, reserved 1097728K
  class space    used 6629K, capacity 7022K, committed 7040K, reserved 1048576K
}
Event: 185.907 GC heap before
{Heap before GC invocations=25 (full 3):
 PSYoungGen      total 611328K, used 590944K [0x00000000d5580000, 0x0000000100000000, 0x0000000100000000)
  eden space 578560K, 100% used [0x00000000d5580000,0x00000000f8a80000,0x00000000f8a80000)
  from space 32768K, 37% used [0x00000000f8a80000,0x00000000f9698000,0x00000000faa80000)
  to   space 30720K, 0% used [0x00000000fe200000,0x00000000fe200000,0x0000000100000000)
 ParOldGen       total 125952K, used 101659K [0x0000000080000000, 0x0000000087b00000, 0x00000000d5580000)
  object space 125952K, 80% used [0x0000000080000000,0x0000000086346f18,0x0000000087b00000)
 Metaspace       used 52489K, capacity 54481K, committed 54616K, reserved 1097728K
  class space    used 6630K, capacity 7022K, committed 7040K, reserved 1048576K
Event: 185.984 GC heap after
Heap after GC invocations=25 (full 3):
 PSYoungGen      total 660992K, used 11712K [0x00000000d5580000, 0x00000000ffb00000, 0x0000000100000000)
  eden space 635392K, 0% used [0x00000000d5580000,0x00000000d5580000,0x00000000fc200000)
  from space 25600K, 45% used [0x00000000fe200000,0x00000000fed70010,0x00000000ffb00000)
  to   space 29184K, 0% used [0x00000000fc200000,0x00000000fc200000,0x00000000fde80000)
 ParOldGen       total 169472K, used 155226K [0x0000000080000000, 0x000000008a580000, 0x00000000d5580000)
  object space 169472K, 91% used [0x0000000080000000,0x00000000897968c8,0x000000008a580000)
 Metaspace       used 52489K, capacity 54481K, committed 54616K, reserved 1097728K
  class space    used 6630K, capacity 7022K, committed 7040K, reserved 1048576K
}
Event: 185.985 GC heap before
{Heap before GC invocations=26 (full 4):
 PSYoungGen      total 660992K, used 11712K [0x00000000d5580000, 0x00000000ffb00000, 0x0000000100000000)
  eden space 635392K, 0% used [0x00000000d5580000,0x00000000d5580000,0x00000000fc200000)
  from space 25600K, 45% used [0x00000000fe200000,0x00000000fed70010,0x00000000ffb00000)
  to   space 29184K, 0% used [0x00000000fc200000,0x00000000fc200000,0x00000000fde80000)
 ParOldGen       total 169472K, used 155226K [0x0000000080000000, 0x000000008a580000, 0x00000000d5580000)
  object space 169472K, 91% used [0x0000000080000000,0x00000000897968c8,0x000000008a580000)
 Metaspace       used 52489K, capacity 54481K, committed 54616K, reserved 1097728K
  class space    used 6630K, capacity 7022K, committed 7040K, reserved 1048576K

