# JRE version: Java(TM) SE Runtime Environment (8.0_161-b12) (build 1.8.0_161-b12)
# Java VM: Java HotSpot(TM) 64-Bit Server VM (25.161-b12 mixed mode linux-amd64 compressed oops)
Heap:
 PSYoungGen      total 641536K, used 18965K [0x00000000d5580000, 0x00000000fe780000, 0x0000000100000000)
  eden space 609280K, 0% used [0x00000000d5580000,0x00000000d5580000,0x00000000fa880000)
  from space 32256K, 58% used [0x00000000fa880000,0x00000000fbb055f8,0x00000000fc800000)
  to   space 30208K, 0% used [0x00000000fca00000,0x00000000fca00000,0x00000000fe780000)
 ParOldGen       total 136704K, used 65463K [0x0000000080000000, 0x0000000088580000, 0x00000000d5580000)
  object space 136704K, 47% used [0x0000000080000000,0x0000000083feddd0,0x0000000088580000)
 Metaspace       used 53129K, capacity 55151K, committed 55464K, reserved 1097728K
  class space    used 6639K, capacity 7011K, committed 7080K, reserved 1048576K
GC Heap History (10 events):
Event: 523.059 GC heap after
Heap after GC invocations=17 (full 3):
 PSYoungGen      total 400384K, used 0K [0x00000000d5580000, 0x00000000f0a80000, 0x0000000100000000)
  eden space 376832K, 0% used [0x00000000d5580000,0x00000000d5580000,0x00000000ec580000)
  from space 23552K, 0% used [0x00000000ef380000,0x00000000ef380000,0x00000000f0a80000)
  to   space 35328K, 0% used [0x00000000ec580000,0x00000000ec580000,0x00000000ee800000)
 ParOldGen       total 136704K, used 63757K [0x0000000080000000, 0x0000000088580000, 0x00000000d5580000)
  object space 136704K, 46% used [0x0000000080000000,0x0000000083e43608,0x0000000088580000)
 Metaspace       used 51663K, capacity 53672K, committed 53928K, reserved 1095680K
  class space    used 6633K, capacity 7005K, committed 7080K, reserved 1048576K
}
Event: 524.120 GC heap before
{Heap before GC invocations=18 (full 3):
 PSYoungGen      total 400384K, used 374437K [0x00000000d5580000, 0x00000000f0a80000, 0x0000000100000000)
  eden space 376832K, 99% used [0x00000000d5580000,0x00000000ec3297a8,0x00000000ec580000)
  from space 23552K, 0% used [0x00000000ef380000,0x00000000ef380000,0x00000000f0a80000)
  to   space 35328K, 0% used [0x00000000ec580000,0x00000000ec580000,0x00000000ee800000)
 ParOldGen       total 136704K, used 63757K [0x0000000080000000, 0x0000000088580000, 0x00000000d5580000)
  object space 136704K, 46% used [0x0000000080000000,0x0000000083e43608,0x0000000088580000)
 Metaspace       used 52114K, capacity 54087K, committed 54440K, reserved 1097728K
  class space    used 6633K, capacity 7005K, committed 7080K, reserved 1048576K
Event: 524.152 GC heap after
Heap after GC invocations=18 (full 3):
 PSYoungGen      total 412160K, used 9888K [0x00000000d5580000, 0x00000000f8580000, 0x0000000100000000)
  eden space 376832K, 0% used [0x00000000d5580000,0x00000000d5580000,0x00000000ec580000)
  from space 35328K, 27% used [0x00000000ec580000,0x00000000ecf28060,0x00000000ee800000)
  to   space 33792K, 0% used [0x00000000f6480000,0x00000000f6480000,0x00000000f8580000)
 ParOldGen       total 136704K, used 63765K [0x0000000080000000, 0x0000000088580000, 0x00000000d5580000)
  object space 136704K, 46% used [0x0000000080000000,0x0000000083e45608,0x0000000088580000)
 Metaspace       used 52114K, capacity 54087K, committed 54440K, reserved 1097728K
  class space    used 6633K, capacity 7005K, committed 7080K, reserved 1048576K
}
Event: 527.413 GC heap before
{Heap before GC invocations=19 (full 3):
 PSYoungGen      total 412160K, used 386369K [0x00000000d5580000, 0x00000000f8580000, 0x0000000100000000)
  eden space 376832K, 99% used [0x00000000d5580000,0x00000000ec5284e8,0x00000000ec580000)
  from space 35328K, 27% used [0x00000000ec580000,0x00000000ecf28060,0x00000000ee800000)
  to   space 33792K, 0% used [0x00000000f6480000,0x00000000f6480000,0x00000000f8580000)
 ParOldGen       total 136704K, used 63765K [0x0000000080000000, 0x0000000088580000, 0x00000000d5580000)
  object space 136704K, 46% used [0x0000000080000000,0x0000000083e45608,0x0000000088580000)
 Metaspace       used 52237K, capacity 54219K, committed 54440K, reserved 1097728K
  class space    used 6634K, capacity 7005K, committed 7080K, reserved 1048576K
Event: 527.496 GC heap after
Heap after GC invocations=19 (full 3):
 PSYoungGen      total 539648K, used 2080K [0x00000000d5580000, 0x00000000f8880000, 0x0000000100000000)
  eden space 505856K, 0% used [0x00000000d5580000,0x00000000d5580000,0x00000000f4380000)
  from space 33792K, 6% used [0x00000000f6480000,0x00000000f6688010,0x00000000f8580000)
  to   space 33792K, 0% used [0x00000000f4380000,0x00000000f4380000,0x00000000f6480000)
 ParOldGen       total 136704K, used 64293K [0x0000000080000000, 0x0000000088580000, 0x00000000d5580000)
  object space 136704K, 47% used [0x0000000080000000,0x0000000083ec9668,0x0000000088580000)
 Metaspace       used 52237K, capacity 54219K, committed 54440K, reserved 1097728K
  class space    used 6634K, capacity 7005K, committed 7080K, reserved 1048576K
}
Event: 552.544 GC heap before
{Heap before GC invocations=20 (full 3):
 PSYoungGen      total 539648K, used 504117K [0x00000000d5580000, 0x00000000f8880000, 0x0000000100000000)
  eden space 505856K, 99% used [0x00000000d5580000,0x00000000f3fc5400,0x00000000f4380000)
  from space 33792K, 6% used [0x00000000f6480000,0x00000000f6688010,0x00000000f8580000)
  to   space 33792K, 0% used [0x00000000f4380000,0x00000000f4380000,0x00000000f6480000)
 ParOldGen       total 136704K, used 64293K [0x0000000080000000, 0x0000000088580000, 0x00000000d5580000)
  object space 136704K, 47% used [0x0000000080000000,0x0000000083ec9668,0x0000000088580000)
 Metaspace       used 52583K, capacity 54573K, committed 54696K, reserved 1097728K
  class space    used 6635K, capacity 7006K, committed 7080K, reserved 1048576K
Event: 552.601 GC heap after
Heap after GC invocations=20 (full 3):
 PSYoungGen      total 539648K, used 13989K [0x00000000d5580000, 0x00000000fe980000, 0x0000000100000000)
  eden space 505856K, 0% used [0x00000000d5580000,0x00000000d5580000,0x00000000f4380000)
  from space 33792K, 41% used [0x00000000f4380000,0x00000000f5129618,0x00000000f6480000)
  to   space 32256K, 0% used [0x00000000fca00000,0x00000000fca00000,0x00000000fe980000)
 ParOldGen       total 136704K, used 64805K [0x0000000080000000, 0x0000000088580000, 0x00000000d5580000)
  object space 136704K, 47% used [0x0000000080000000,0x0000000083f49720,0x0000000088580000)
 Metaspace       used 52583K, capacity 54573K, committed 54696K, reserved 1097728K
  class space    used 6635K, capacity 7006K, committed 7080K, reserved 1048576K
}
Event: 555.745 GC heap before
{Heap before GC invocations=21 (full 3):
 PSYoungGen      total 539648K, used 519845K [0x00000000d5580000, 0x00000000fe980000, 0x0000000100000000)
  eden space 505856K, 100% used [0x00000000d5580000,0x00000000f4380000,0x00000000f4380000)
  from space 33792K, 41% used [0x00000000f4380000,0x00000000f5129618,0x00000000f6480000)
  to   space 32256K, 0% used [0x00000000fca00000,0x00000000fca00000,0x00000000fe980000)
 ParOldGen       total 136704K, used 64805K [0x0000000080000000, 0x0000000088580000, 0x00000000d5580000)
  object space 136704K, 47% used [0x0000000080000000,0x0000000083f49720,0x0000000088580000)
 Metaspace       used 52746K, capacity 54777K, committed 54952K, reserved 1097728K
  class space    used 6635K, capacity 7006K, committed 7080K, reserved 1048576K
Event: 555.788 GC heap after
Heap after GC invocations=21 (full 3):
 PSYoungGen      total 639488K, used 2256K [0x00000000d5580000, 0x00000000fe780000, 0x0000000100000000)
  eden space 609280K, 0% used [0x00000000d5580000,0x00000000d5580000,0x00000000fa880000)
  from space 30208K, 7% used [0x00000000fca00000,0x00000000fcc34020,0x00000000fe780000)
  to   space 32256K, 0% used [0x00000000fa880000,0x00000000fa880000,0x00000000fc800000)
 ParOldGen       total 136704K, used 65331K [0x0000000080000000, 0x0000000088580000, 0x00000000d5580000)
  object space 136704K, 47% used [0x0000000080000000,0x0000000083fccc58,0x0000000088580000)
 Metaspace       used 52746K, capacity 54777K, committed 54952K, reserved 1097728K
  class space    used 6635K, capacity 7006K, committed 7080K, reserved 1048576K
}
Event: 601.604 GC heap before
{Heap before GC invocations=22 (full 3):
 PSYoungGen      total 639488K, used 611353K [0x00000000d5580000, 0x00000000fe780000, 0x0000000100000000)
  eden space 609280K, 99% used [0x00000000d5580000,0x00000000fa852530,0x00000000fa880000)
  from space 30208K, 7% used [0x00000000fca00000,0x00000000fcc34020,0x00000000fe780000)
  to   space 32256K, 0% used [0x00000000fa880000,0x00000000fa880000,0x00000000fc800000)
 ParOldGen       total 136704K, used 65331K [0x0000000080000000, 0x0000000088580000, 0x00000000d5580000)
  object space 136704K, 47% used [0x0000000080000000,0x0000000083fccc58,0x0000000088580000)
 Metaspace       used 53129K, capacity 55151K, committed 55464K, reserved 1097728K
  class space    used 6639K, capacity 7011K, committed 7080K, reserved 1048576K

