# JRE version: Java(TM) SE Runtime Environment (8.0_161-b12) (build 1.8.0_161-b12)
# Java VM: Java HotSpot(TM) 64-Bit Server VM (25.161-b12 mixed mode linux-amd64 compressed oops)
Heap:
 PSYoungGen      total 612864K, used 6623K [0x00000000d5580000, 0x0000000100000000, 0x0000000100000000)
  eden space 589312K, 0% used [0x00000000d5580000,0x00000000d5580000,0x00000000f9500000)
  from space 23552K, 28% used [0x00000000fe900000,0x00000000fef77d40,0x0000000100000000)
  to   space 54784K, 0% used [0x00000000f9500000,0x00000000f9500000,0x00000000fca80000)
 ParOldGen       total 119808K, used 119633K [0x0000000080000000, 0x0000000087500000, 0x00000000d5580000)
  object space 119808K, 99% used [0x0000000080000000,0x00000000874d46d0,0x0000000087500000)
 Metaspace       used 51782K, capacity 53879K, committed 54232K, reserved 1095680K
  class space    used 6621K, capacity 7017K, committed 7128K, reserved 1048576K
GC Heap History (10 events):
Event: 32.914 GC heap after
Heap after GC invocations=22 (full 2):
 PSYoungGen      total 679424K, used 10368K [0x00000000d5580000, 0x0000000100000000, 0x0000000100000000)
  eden space 659968K, 0% used [0x00000000d5580000,0x00000000d5580000,0x00000000fda00000)
  from space 19456K, 53% used [0x00000000fed00000,0x00000000ff720020,0x0000000100000000)
  to   space 19456K, 0% used [0x00000000fda00000,0x00000000fda00000,0x00000000fed00000)
 ParOldGen       total 61952K, used 41632K [0x0000000080000000, 0x0000000083c80000, 0x00000000d5580000)
  object space 61952K, 67% used [0x0000000080000000,0x00000000828a8000,0x0000000083c80000)
 Metaspace       used 47404K, capacity 48787K, committed 48984K, reserved 1091584K
  class space    used 6140K, capacity 6407K, committed 6488K, reserved 1048576K
}
Event: 33.670 GC heap before
{Heap before GC invocations=23 (full 2):
 PSYoungGen      total 679424K, used 668709K [0x00000000d5580000, 0x0000000100000000, 0x0000000100000000)
  eden space 659968K, 99% used [0x00000000d5580000,0x00000000fd8697d0,0x00000000fda00000)
  from space 19456K, 53% used [0x00000000fed00000,0x00000000ff720020,0x0000000100000000)
  to   space 19456K, 0% used [0x00000000fda00000,0x00000000fda00000,0x00000000fed00000)
 ParOldGen       total 61952K, used 41632K [0x0000000080000000, 0x0000000083c80000, 0x00000000d5580000)
  object space 61952K, 67% used [0x0000000080000000,0x00000000828a8000,0x0000000083c80000)
 Metaspace       used 48647K, capacity 50403K, committed 50648K, reserved 1093632K
  class space    used 6276K, capacity 6595K, committed 6616K, reserved 1048576K
Event: 33.687 GC heap after
Heap after GC invocations=23 (full 2):
 PSYoungGen      total 669184K, used 9025K [0x00000000d5580000, 0x00000000fff00000, 0x0000000100000000)
  eden space 659968K, 0% used [0x00000000d5580000,0x00000000d5580000,0x00000000fda00000)
  from space 9216K, 97% used [0x00000000fda00000,0x00000000fe2d0428,0x00000000fe300000)
  to   space 18944K, 0% used [0x00000000fec80000,0x00000000fec80000,0x00000000fff00000)
 ParOldGen       total 61952K, used 42752K [0x0000000080000000, 0x0000000083c80000, 0x00000000d5580000)
  object space 61952K, 69% used [0x0000000080000000,0x00000000829c0000,0x0000000083c80000)
 Metaspace       used 48647K, capacity 50403K, committed 50648K, reserved 1093632K
  class space    used 6276K, capacity 6595K, committed 6616K, reserved 1048576K
}
Event: 37.552 GC heap before
{Heap before GC invocations=24 (full 2):
 PSYoungGen      total 669184K, used 667878K [0x00000000d5580000, 0x00000000fff00000, 0x0000000100000000)
  eden space 659968K, 99% used [0x00000000d5580000,0x00000000fd8e9748,0x00000000fda00000)
  from space 9216K, 97% used [0x00000000fda00000,0x00000000fe2d0428,0x00000000fe300000)
  to   space 18944K, 0% used [0x00000000fec80000,0x00000000fec80000,0x00000000fff00000)
 ParOldGen       total 61952K, used 42752K [0x0000000080000000, 0x0000000083c80000, 0x00000000d5580000)
  object space 61952K, 69% used [0x0000000080000000,0x00000000829c0000,0x0000000083c80000)
 Metaspace       used 49900K, capacity 51793K, committed 51928K, reserved 1093632K
  class space    used 6426K, capacity 6780K, committed 6872K, reserved 1048576K
Event: 37.560 GC heap after
Heap after GC invocations=24 (full 2):
 PSYoungGen      total 675840K, used 14579K [0x00000000d5580000, 0x0000000100000000, 0x0000000100000000)
  eden space 656896K, 0% used [0x00000000d5580000,0x00000000d5580000,0x00000000fd700000)
  from space 18944K, 76% used [0x00000000fec80000,0x00000000ffabced0,0x00000000fff00000)
  to   space 20992K, 0% used [0x00000000fd700000,0x00000000fd700000,0x00000000feb80000)
 ParOldGen       total 61952K, used 43911K [0x0000000080000000, 0x0000000083c80000, 0x00000000d5580000)
  object space 61952K, 70% used [0x0000000080000000,0x0000000082ae1ed0,0x0000000083c80000)
 Metaspace       used 49900K, capacity 51793K, committed 51928K, reserved 1093632K
  class space    used 6426K, capacity 6780K, committed 6872K, reserved 1048576K
}
Event: 37.768 GC heap before
{Heap before GC invocations=25 (full 2):
 PSYoungGen      total 675840K, used 671475K [0x00000000d5580000, 0x0000000100000000, 0x0000000100000000)
  eden space 656896K, 100% used [0x00000000d5580000,0x00000000fd700000,0x00000000fd700000)
  from space 18944K, 76% used [0x00000000fec80000,0x00000000ffabced0,0x00000000fff00000)
  to   space 20992K, 0% used [0x00000000fd700000,0x00000000fd700000,0x00000000feb80000)
 ParOldGen       total 61952K, used 43911K [0x0000000080000000, 0x0000000083c80000, 0x00000000d5580000)
  object space 61952K, 70% used [0x0000000080000000,0x0000000082ae1ed0,0x0000000083c80000)
 Metaspace       used 49970K, capacity 51811K, committed 51928K, reserved 1093632K
  class space    used 6428K, capacity 6783K, committed 6872K, reserved 1048576K
Event: 37.779 GC heap after
Heap after GC invocations=25 (full 2):
 PSYoungGen      total 675328K, used 18208K [0x00000000d5580000, 0x0000000100000000, 0x0000000100000000)
  eden space 656896K, 0% used [0x00000000d5580000,0x00000000d5580000,0x00000000fd700000)
  from space 18432K, 98% used [0x00000000fd700000,0x00000000fe8c8040,0x00000000fe900000)
  to   space 23552K, 0% used [0x00000000fe900000,0x00000000fe900000,0x0000000100000000)
 ParOldGen       total 61952K, used 45560K [0x0000000080000000, 0x0000000083c80000, 0x00000000d5580000)
  object space 61952K, 73% used [0x0000000080000000,0x0000000082c7e1e0,0x0000000083c80000)
 Metaspace       used 49970K, capacity 51811K, committed 51928K, reserved 1093632K
  class space    used 6428K, capacity 6783K, committed 6872K, reserved 1048576K
}
Event: 38.782 GC heap before
{Heap before GC invocations=26 (full 2):
 PSYoungGen      total 675328K, used 675104K [0x00000000d5580000, 0x0000000100000000, 0x0000000100000000)
  eden space 656896K, 100% used [0x00000000d5580000,0x00000000fd700000,0x00000000fd700000)
  from space 18432K, 98% used [0x00000000fd700000,0x00000000fe8c8040,0x00000000fe900000)
  to   space 23552K, 0% used [0x00000000fe900000,0x00000000fe900000,0x0000000100000000)
 ParOldGen       total 61952K, used 45560K [0x0000000080000000, 0x0000000083c80000, 0x00000000d5580000)
  object space 61952K, 73% used [0x0000000080000000,0x0000000082c7e1e0,0x0000000083c80000)
 Metaspace       used 51795K, capacity 53901K, committed 54232K, reserved 1095680K
  class space    used 6625K, capacity 7024K, committed 7128K, reserved 1048576K
Event: 38.949 GC heap after
Heap after GC invocations=26 (full 2):
 PSYoungGen      total 612864K, used 23530K [0x00000000d5580000, 0x0000000100000000, 0x0000000100000000)
  eden space 589312K, 0% used [0x00000000d5580000,0x00000000d5580000,0x00000000f9500000)
  from space 23552K, 99% used [0x00000000fe900000,0x00000000ffffa8c8,0x0000000100000000)
  to   space 54784K, 0% used [0x00000000f9500000,0x00000000f9500000,0x00000000fca80000)
 ParOldGen       total 119808K, used 119661K [0x0000000080000000, 0x0000000087500000, 0x00000000d5580000)
  object space 119808K, 99% used [0x0000000080000000,0x00000000874db598,0x0000000087500000)
 Metaspace       used 51795K, capacity 53901K, committed 54232K, reserved 1095680K
  class space    used 6625K, capacity 7024K, committed 7128K, reserved 1048576K
}
Event: 38.950 GC heap before
{Heap before GC invocations=27 (full 3):
 PSYoungGen      total 612864K, used 23530K [0x00000000d5580000, 0x0000000100000000, 0x0000000100000000)
  eden space 589312K, 0% used [0x00000000d5580000,0x00000000d5580000,0x00000000f9500000)
  from space 23552K, 99% used [0x00000000fe900000,0x00000000ffffa8c8,0x0000000100000000)
  to   space 54784K, 0% used [0x00000000f9500000,0x00000000f9500000,0x00000000fca80000)
 ParOldGen       total 119808K, used 119661K [0x0000000080000000, 0x0000000087500000, 0x00000000d5580000)
  object space 119808K, 99% used [0x0000000080000000,0x00000000874db598,0x0000000087500000)
 Metaspace       used 51795K, capacity 53901K, committed 54232K, reserved 1095680K
  class space    used 6625K, capacity 7024K, committed 7128K, reserved 1048576K

