# JRE version: Java(TM) SE Runtime Environment (8.0_161-b12) (build 1.8.0_161-b12)
# Java VM: Java HotSpot(TM) 64-Bit Server VM (25.161-b12 mixed mode linux-amd64 compressed oops)
Heap:
 PSYoungGen      total 291840K, used 59278K [0x00000000e6d80000, 0x0000000100000000, 0x0000000100000000)
  eden space 171520K, 0% used [0x00000000e6d80000,0x00000000e6d80000,0x00000000f1500000)
  from space 120320K, 49% used [0x00000000f1500000,0x00000000f4ee38b0,0x00000000f8a80000)
  to   space 120320K, 0% used [0x00000000f8a80000,0x00000000f8a80000,0x0000000100000000)
 ParOldGen       total 429568K, used 429543K [0x00000000b4800000, 0x00000000ceb80000, 0x00000000e6d80000)
  object space 429568K, 99% used [0x00000000b4800000,0x00000000ceb79f28,0x00000000ceb80000)
 Metaspace       used 52177K, capacity 54237K, committed 54488K, reserved 1097728K
  class space    used 6610K, capacity 7002K, committed 7128K, reserved 1048576K
GC Heap History (10 events):
Event: 67.669 GC heap after
Heap after GC invocations=55 (full 5):
 PSYoungGen      total 244224K, used 64512K [0x00000000e6d80000, 0x0000000100000000, 0x0000000100000000)
  eden space 179712K, 0% used [0x00000000e6d80000,0x00000000e6d80000,0x00000000f1d00000)
  from space 64512K, 100% used [0x00000000fc100000,0x0000000100000000,0x0000000100000000)
  to   space 116224K, 0% used [0x00000000f1d00000,0x00000000f1d00000,0x00000000f8e80000)
 ParOldGen       total 286720K, used 222867K [0x00000000b4800000, 0x00000000c6000000, 0x00000000e6d80000)
  object space 286720K, 77% used [0x00000000b4800000,0x00000000c21a4dc8,0x00000000c6000000)
 Metaspace       used 52150K, capacity 54237K, committed 54488K, reserved 1097728K
  class space    used 6610K, capacity 7002K, committed 7128K, reserved 1048576K
}
Event: 68.645 GC heap before
{Heap before GC invocations=56 (full 5):
 PSYoungGen      total 244224K, used 244224K [0x00000000e6d80000, 0x0000000100000000, 0x0000000100000000)
  eden space 179712K, 100% used [0x00000000e6d80000,0x00000000f1d00000,0x00000000f1d00000)
  from space 64512K, 100% used [0x00000000fc100000,0x0000000100000000,0x0000000100000000)
  to   space 116224K, 0% used [0x00000000f1d00000,0x00000000f1d00000,0x00000000f8e80000)
 ParOldGen       total 286720K, used 222867K [0x00000000b4800000, 0x00000000c6000000, 0x00000000e6d80000)
  object space 286720K, 77% used [0x00000000b4800000,0x00000000c21a4dc8,0x00000000c6000000)
 Metaspace       used 52158K, capacity 54237K, committed 54488K, reserved 1097728K
  class space    used 6610K, capacity 7002K, committed 7128K, reserved 1048576K
Event: 68.832 GC heap after
Heap after GC invocations=56 (full 5):
 PSYoungGen      total 295936K, used 51991K [0x00000000e6d80000, 0x0000000100000000, 0x0000000100000000)
  eden space 179712K, 0% used [0x00000000e6d80000,0x00000000e6d80000,0x00000000f1d00000)
  from space 116224K, 44% used [0x00000000f1d00000,0x00000000f4fc5e40,0x00000000f8e80000)
  to   space 113152K, 0% used [0x00000000f9180000,0x00000000f9180000,0x0000000100000000)
 ParOldGen       total 287232K, used 287099K [0x00000000b4800000, 0x00000000c6080000, 0x00000000e6d80000)
  object space 287232K, 99% used [0x00000000b4800000,0x00000000c605edc8,0x00000000c6080000)
 Metaspace       used 52158K, capacity 54237K, committed 54488K, reserved 1097728K
  class space    used 6610K, capacity 7002K, committed 7128K, reserved 1048576K
}
Event: 68.832 GC heap before
{Heap before GC invocations=57 (full 6):
 PSYoungGen      total 295936K, used 51991K [0x00000000e6d80000, 0x0000000100000000, 0x0000000100000000)
  eden space 179712K, 0% used [0x00000000e6d80000,0x00000000e6d80000,0x00000000f1d00000)
  from space 116224K, 44% used [0x00000000f1d00000,0x00000000f4fc5e40,0x00000000f8e80000)
  to   space 113152K, 0% used [0x00000000f9180000,0x00000000f9180000,0x0000000100000000)
 ParOldGen       total 287232K, used 287099K [0x00000000b4800000, 0x00000000c6080000, 0x00000000e6d80000)
  object space 287232K, 99% used [0x00000000b4800000,0x00000000c605edc8,0x00000000c6080000)
 Metaspace       used 52158K, capacity 54237K, committed 54488K, reserved 1097728K
  class space    used 6610K, capacity 7002K, committed 7128K, reserved 1048576K
Event: 70.126 GC heap after
Heap after GC invocations=57 (full 6):
 PSYoungGen      total 295936K, used 46786K [0x00000000e6d80000, 0x0000000100000000, 0x0000000100000000)
  eden space 179712K, 0% used [0x00000000e6d80000,0x00000000e6d80000,0x00000000f1d00000)
  from space 116224K, 40% used [0x00000000f1d00000,0x00000000f4ab0aa8,0x00000000f8e80000)
  to   space 113152K, 0% used [0x00000000f9180000,0x00000000f9180000,0x0000000100000000)
 ParOldGen       total 429568K, used 286913K [0x00000000b4800000, 0x00000000ceb80000, 0x00000000e6d80000)
  object space 429568K, 66% used [0x00000000b4800000,0x00000000c60307b0,0x00000000ceb80000)
 Metaspace       used 52158K, capacity 54237K, committed 54488K, reserved 1097728K
  class space    used 6610K, capacity 7002K, committed 7128K, reserved 1048576K
}
Event: 70.330 GC heap before
{Heap before GC invocations=58 (full 6):
 PSYoungGen      total 295936K, used 226498K [0x00000000e6d80000, 0x0000000100000000, 0x0000000100000000)
  eden space 179712K, 100% used [0x00000000e6d80000,0x00000000f1d00000,0x00000000f1d00000)
  from space 116224K, 40% used [0x00000000f1d00000,0x00000000f4ab0aa8,0x00000000f8e80000)
  to   space 113152K, 0% used [0x00000000f9180000,0x00000000f9180000,0x0000000100000000)
 ParOldGen       total 429568K, used 286913K [0x00000000b4800000, 0x00000000ceb80000, 0x00000000e6d80000)
  object space 429568K, 66% used [0x00000000b4800000,0x00000000c60307b0,0x00000000ceb80000)
 Metaspace       used 52174K, capacity 54237K, committed 54488K, reserved 1097728K
  class space    used 6610K, capacity 7002K, committed 7128K, reserved 1048576K
Event: 70.535 GC heap after
Heap after GC invocations=58 (full 6):
 PSYoungGen      total 284672K, used 79536K [0x00000000e6d80000, 0x0000000100000000, 0x0000000100000000)
  eden space 171520K, 0% used [0x00000000e6d80000,0x00000000e6d80000,0x00000000f1500000)
  from space 113152K, 70% used [0x00000000f9180000,0x00000000fdf2c120,0x0000000100000000)
  to   space 120320K, 0% used [0x00000000f1500000,0x00000000f1500000,0x00000000f8a80000)
 ParOldGen       total 429568K, used 333905K [0x00000000b4800000, 0x00000000ceb80000, 0x00000000e6d80000)
  object space 429568K, 77% used [0x00000000b4800000,0x00000000c8e145f0,0x00000000ceb80000)
 Metaspace       used 52174K, capacity 54237K, committed 54488K, reserved 1097728K
  class space    used 6610K, capacity 7002K, committed 7128K, reserved 1048576K
}
Event: 70.726 GC heap before
{Heap before GC invocations=59 (full 6):
 PSYoungGen      total 284672K, used 251056K [0x00000000e6d80000, 0x0000000100000000, 0x0000000100000000)
  eden space 171520K, 100% used [0x00000000e6d80000,0x00000000f1500000,0x00000000f1500000)
  from space 113152K, 70% used [0x00000000f9180000,0x00000000fdf2c120,0x0000000100000000)
  to   space 120320K, 0% used [0x00000000f1500000,0x00000000f1500000,0x00000000f8a80000)
 ParOldGen       total 429568K, used 333905K [0x00000000b4800000, 0x00000000ceb80000, 0x00000000e6d80000)
  object space 429568K, 77% used [0x00000000b4800000,0x00000000c8e145f0,0x00000000ceb80000)
 Metaspace       used 52177K, capacity 54237K, committed 54488K, reserved 1097728K
  class space    used 6610K, capacity 7002K, committed 7128K, reserved 1048576K
Event: 70.905 GC heap after
Heap after GC invocations=59 (full 6):
 PSYoungGen      total 291840K, used 120320K [0x00000000e6d80000, 0x0000000100000000, 0x0000000100000000)
  eden space 171520K, 0% used [0x00000000e6d80000,0x00000000e6d80000,0x00000000f1500000)
  from space 120320K, 100% used [0x00000000f1500000,0x00000000f8a80000,0x00000000f8a80000)
  to   space 120320K, 0% used [0x00000000f8a80000,0x00000000f8a80000,0x0000000100000000)
 ParOldGen       total 429568K, used 369241K [0x00000000b4800000, 0x00000000ceb80000, 0x00000000e6d80000)
  object space 429568K, 85% used [0x00000000b4800000,0x00000000cb0965f0,0x00000000ceb80000)
 Metaspace       used 52177K, capacity 54237K, committed 54488K, reserved 1097728K
  class space    used 6610K, capacity 7002K, committed 7128K, reserved 1048576K
}
Event: 70.905 GC heap before
{Heap before GC invocations=60 (full 7):
 PSYoungGen      total 291840K, used 120320K [0x00000000e6d80000, 0x0000000100000000, 0x0000000100000000)
  eden space 171520K, 0% used [0x00000000e6d80000,0x00000000e6d80000,0x00000000f1500000)
  from space 120320K, 100% used [0x00000000f1500000,0x00000000f8a80000,0x00000000f8a80000)
  to   space 120320K, 0% used [0x00000000f8a80000,0x00000000f8a80000,0x0000000100000000)
 ParOldGen       total 429568K, used 369241K [0x00000000b4800000, 0x00000000ceb80000, 0x00000000e6d80000)
  object space 429568K, 85% used [0x00000000b4800000,0x00000000cb0965f0,0x00000000ceb80000)
 Metaspace       used 52177K, capacity 54237K, committed 54488K, reserved 1097728K
  class space    used 6610K, capacity 7002K, committed 7128K, reserved 1048576K

