# JRE version: Java(TM) SE Runtime Environment (8.0_161-b12) (build 1.8.0_161-b12)
# Java VM: Java HotSpot(TM) 64-Bit Server VM (25.161-b12 mixed mode linux-amd64 compressed oops)
Heap:
 PSYoungGen      total 254976K, used 0K [0x00000000e6d80000, 0x0000000100000000, 0x0000000100000000)
  eden space 137728K, 0% used [0x00000000e6d80000,0x00000000e6d80000,0x00000000ef400000)
  from space 117248K, 0% used [0x00000000f8d80000,0x00000000f8d80000,0x0000000100000000)
  to   space 137216K, 0% used [0x00000000ef400000,0x00000000ef400000,0x00000000f7a00000)
 ParOldGen       total 593920K, used 592308K [0x00000000b4800000, 0x00000000d8c00000, 0x00000000e6d80000)
  object space 593920K, 99% used [0x00000000b4800000,0x00000000d8a6d258,0x00000000d8c00000)
 Metaspace       used 52041K, capacity 54107K, committed 54232K, reserved 1095680K
  class space    used 6625K, capacity 7017K, committed 7128K, reserved 1048576K
GC Heap History (10 events):
Event: 77.200 GC heap after
Heap after GC invocations=40 (full 6):
 PSYoungGen      total 278016K, used 19731K [0x00000000e6d80000, 0x0000000100000000, 0x0000000100000000)
  eden space 186880K, 0% used [0x00000000e6d80000,0x00000000e6d80000,0x00000000f2400000)
  from space 91136K, 21% used [0x00000000fa700000,0x00000000fba44ca0,0x0000000100000000)
  to   space 112640K, 0% used [0x00000000f2400000,0x00000000f2400000,0x00000000f9200000)
 ParOldGen       total 593920K, used 416765K [0x00000000b4800000, 0x00000000d8c00000, 0x00000000e6d80000)
  object space 593920K, 70% used [0x00000000b4800000,0x00000000cdeff4b0,0x00000000d8c00000)
 Metaspace       used 52000K, capacity 54107K, committed 54232K, reserved 1095680K
  class space    used 6625K, capacity 7017K, committed 7128K, reserved 1048576K
}
Event: 77.484 GC heap before
{Heap before GC invocations=41 (full 6):
 PSYoungGen      total 278016K, used 206611K [0x00000000e6d80000, 0x0000000100000000, 0x0000000100000000)
  eden space 186880K, 100% used [0x00000000e6d80000,0x00000000f2400000,0x00000000f2400000)
  from space 91136K, 21% used [0x00000000fa700000,0x00000000fba44ca0,0x0000000100000000)
  to   space 112640K, 0% used [0x00000000f2400000,0x00000000f2400000,0x00000000f9200000)
 ParOldGen       total 593920K, used 416765K [0x00000000b4800000, 0x00000000d8c00000, 0x00000000e6d80000)
  object space 593920K, 70% used [0x00000000b4800000,0x00000000cdeff4b0,0x00000000d8c00000)
 Metaspace       used 52019K, capacity 54107K, committed 54232K, reserved 1095680K
  class space    used 6625K, capacity 7017K, committed 7128K, reserved 1048576K
Event: 77.691 GC heap after
Heap after GC invocations=41 (full 6):
 PSYoungGen      total 299520K, used 44448K [0x00000000e6d80000, 0x0000000100000000, 0x0000000100000000)
  eden space 186880K, 0% used [0x00000000e6d80000,0x00000000e6d80000,0x00000000f2400000)
  from space 112640K, 39% used [0x00000000f2400000,0x00000000f4f68000,0x00000000f9200000)
  to   space 105984K, 0% used [0x00000000f9880000,0x00000000f9880000,0x0000000100000000)
 ParOldGen       total 593920K, used 435941K [0x00000000b4800000, 0x00000000d8c00000, 0x00000000e6d80000)
  object space 593920K, 73% used [0x00000000b4800000,0x00000000cf1b94b0,0x00000000d8c00000)
 Metaspace       used 52019K, capacity 54107K, committed 54232K, reserved 1095680K
  class space    used 6625K, capacity 7017K, committed 7128K, reserved 1048576K
}
Event: 77.942 GC heap before
{Heap before GC invocations=42 (full 6):
 PSYoungGen      total 299520K, used 231328K [0x00000000e6d80000, 0x0000000100000000, 0x0000000100000000)
  eden space 186880K, 100% used [0x00000000e6d80000,0x00000000f2400000,0x00000000f2400000)
  from space 112640K, 39% used [0x00000000f2400000,0x00000000f4f68000,0x00000000f9200000)
  to   space 105984K, 0% used [0x00000000f9880000,0x00000000f9880000,0x0000000100000000)
 ParOldGen       total 593920K, used 435941K [0x00000000b4800000, 0x00000000d8c00000, 0x00000000e6d80000)
  object space 593920K, 73% used [0x00000000b4800000,0x00000000cf1b94b0,0x00000000d8c00000)
 Metaspace       used 52019K, capacity 54107K, committed 54232K, reserved 1095680K
  class space    used 6625K, capacity 7017K, committed 7128K, reserved 1048576K
Event: 78.056 GC heap after
Heap after GC invocations=42 (full 6):
 PSYoungGen      total 283648K, used 91328K [0x00000000e6d80000, 0x0000000100000000, 0x0000000100000000)
  eden space 177664K, 0% used [0x00000000e6d80000,0x00000000e6d80000,0x00000000f1b00000)
  from space 105984K, 86% used [0x00000000f9880000,0x00000000ff1b0000,0x0000000100000000)
  to   space 117248K, 0% used [0x00000000f1b00000,0x00000000f1b00000,0x00000000f8d80000)
 ParOldGen       total 593920K, used 435941K [0x00000000b4800000, 0x00000000d8c00000, 0x00000000e6d80000)
  object space 593920K, 73% used [0x00000000b4800000,0x00000000cf1b94b0,0x00000000d8c00000)
 Metaspace       used 52019K, capacity 54107K, committed 54232K, reserved 1095680K
  class space    used 6625K, capacity 7017K, committed 7128K, reserved 1048576K
}
Event: 78.345 GC heap before
{Heap before GC invocations=43 (full 6):
 PSYoungGen      total 283648K, used 268992K [0x00000000e6d80000, 0x0000000100000000, 0x0000000100000000)
  eden space 177664K, 100% used [0x00000000e6d80000,0x00000000f1b00000,0x00000000f1b00000)
  from space 105984K, 86% used [0x00000000f9880000,0x00000000ff1b0000,0x0000000100000000)
  to   space 117248K, 0% used [0x00000000f1b00000,0x00000000f1b00000,0x00000000f8d80000)
 ParOldGen       total 593920K, used 435941K [0x00000000b4800000, 0x00000000d8c00000, 0x00000000e6d80000)
  object space 593920K, 73% used [0x00000000b4800000,0x00000000cf1b94b0,0x00000000d8c00000)
 Metaspace       used 52041K, capacity 54107K, committed 54232K, reserved 1095680K
  class space    used 6625K, capacity 7017K, committed 7128K, reserved 1048576K
Event: 78.522 GC heap after
Heap after GC invocations=43 (full 6):
 PSYoungGen      total 294912K, used 117248K [0x00000000e6d80000, 0x0000000100000000, 0x0000000100000000)
  eden space 177664K, 0% used [0x00000000e6d80000,0x00000000e6d80000,0x00000000f1b00000)
  from space 117248K, 100% used [0x00000000f1b00000,0x00000000f8d80000,0x00000000f8d80000)
  to   space 117248K, 0% used [0x00000000f8d80000,0x00000000f8d80000,0x0000000100000000)
 ParOldGen       total 593920K, used 448592K [0x00000000b4800000, 0x00000000d8c00000, 0x00000000e6d80000)
  object space 593920K, 75% used [0x00000000b4800000,0x00000000cfe14020,0x00000000d8c00000)
 Metaspace       used 52041K, capacity 54107K, committed 54232K, reserved 1095680K
  class space    used 6625K, capacity 7017K, committed 7128K, reserved 1048576K
}
Event: 78.960 GC heap before
{Heap before GC invocations=44 (full 6):
 PSYoungGen      total 294912K, used 294912K [0x00000000e6d80000, 0x0000000100000000, 0x0000000100000000)
  eden space 177664K, 100% used [0x00000000e6d80000,0x00000000f1b00000,0x00000000f1b00000)
  from space 117248K, 100% used [0x00000000f1b00000,0x00000000f8d80000,0x00000000f8d80000)
  to   space 117248K, 0% used [0x00000000f8d80000,0x00000000f8d80000,0x0000000100000000)
 ParOldGen       total 593920K, used 448592K [0x00000000b4800000, 0x00000000d8c00000, 0x00000000e6d80000)
  object space 593920K, 75% used [0x00000000b4800000,0x00000000cfe14020,0x00000000d8c00000)
 Metaspace       used 52041K, capacity 54107K, committed 54232K, reserved 1095680K
  class space    used 6625K, capacity 7017K, committed 7128K, reserved 1048576K
Event: 79.372 GC heap after
Heap after GC invocations=44 (full 6):
 PSYoungGen      total 254976K, used 81568K [0x00000000e6d80000, 0x0000000100000000, 0x0000000100000000)
  eden space 137728K, 0% used [0x00000000e6d80000,0x00000000e6d80000,0x00000000ef400000)
  from space 117248K, 69% used [0x00000000f8d80000,0x00000000fdd28000,0x0000000100000000)
  to   space 137216K, 0% used [0x00000000ef400000,0x00000000ef400000,0x00000000f7a00000)
 ParOldGen       total 593920K, used 532448K [0x00000000b4800000, 0x00000000d8c00000, 0x00000000e6d80000)
  object space 593920K, 89% used [0x00000000b4800000,0x00000000d4ff8020,0x00000000d8c00000)
 Metaspace       used 52041K, capacity 54107K, committed 54232K, reserved 1095680K
  class space    used 6625K, capacity 7017K, committed 7128K, reserved 1048576K
}
Event: 79.372 GC heap before
{Heap before GC invocations=45 (full 7):
 PSYoungGen      total 254976K, used 81568K [0x00000000e6d80000, 0x0000000100000000, 0x0000000100000000)
  eden space 137728K, 0% used [0x00000000e6d80000,0x00000000e6d80000,0x00000000ef400000)
  from space 117248K, 69% used [0x00000000f8d80000,0x00000000fdd28000,0x0000000100000000)
  to   space 137216K, 0% used [0x00000000ef400000,0x00000000ef400000,0x00000000f7a00000)
 ParOldGen       total 593920K, used 532448K [0x00000000b4800000, 0x00000000d8c00000, 0x00000000e6d80000)
  object space 593920K, 89% used [0x00000000b4800000,0x00000000d4ff8020,0x00000000d8c00000)
 Metaspace       used 52041K, capacity 54107K, committed 54232K, reserved 1095680K
  class space    used 6625K, capacity 7017K, committed 7128K, reserved 1048576K

