# JRE version: Java(TM) SE Runtime Environment (8.0_161-b12) (build 1.8.0_161-b12)
# Java VM: Java HotSpot(TM) 64-Bit Server VM (25.161-b12 mixed mode linux-amd64 compressed oops)
Heap:
 PSYoungGen      total 86528K, used 49655K [0x00000000eb780000, 0x00000000f4300000, 0x0000000100000000)
  eden space 36864K, 0% used [0x00000000eb780000,0x00000000eb780000,0x00000000edb80000)
  from space 49664K, 99% used [0x00000000f1280000,0x00000000f42fdcf8,0x00000000f4300000)
  to   space 42496K, 0% used [0x00000000edb80000,0x00000000edb80000,0x00000000f0500000)
 ParOldGen       total 184320K, used 160406K [0x00000000c2600000, 0x00000000cda00000, 0x00000000eb780000)
  object space 184320K, 87% used [0x00000000c2600000,0x00000000cc2a5bb8,0x00000000cda00000)
 Metaspace       used 8222K, capacity 8756K, committed 8960K, reserved 1056768K
  class space    used 920K, capacity 944K, committed 1024K, reserved 1048576K
GC Heap History (10 events):
Event: 4.271 GC heap after
Heap after GC invocations=26 (full 7):
 PSYoungGen      total 63488K, used 0K [0x00000000eb780000, 0x00000000f2400000, 0x0000000100000000)
  eden space 31744K, 0% used [0x00000000eb780000,0x00000000eb780000,0x00000000ed680000)
  from space 31744K, 0% used [0x00000000ed680000,0x00000000ed680000,0x00000000ef580000)
  to   space 36352K, 0% used [0x00000000f0080000,0x00000000f0080000,0x00000000f2400000)
 ParOldGen       total 184320K, used 147474K [0x00000000c2600000, 0x00000000cda00000, 0x00000000eb780000)
  object space 184320K, 80% used [0x00000000c2600000,0x00000000cb604a80,0x00000000cda00000)
 Metaspace       used 7834K, capacity 8500K, committed 8704K, reserved 1056768K
  class space    used 901K, capacity 944K, committed 1024K, reserved 1048576K
}
Event: 4.433 GC heap before
{Heap before GC invocations=27 (full 7):
 PSYoungGen      total 63488K, used 31138K [0x00000000eb780000, 0x00000000f2400000, 0x0000000100000000)
  eden space 31744K, 98% used [0x00000000eb780000,0x00000000ed5e8b20,0x00000000ed680000)
  from space 31744K, 0% used [0x00000000ed680000,0x00000000ed680000,0x00000000ef580000)
  to   space 36352K, 0% used [0x00000000f0080000,0x00000000f0080000,0x00000000f2400000)
 ParOldGen       total 184320K, used 147474K [0x00000000c2600000, 0x00000000cda00000, 0x00000000eb780000)
  object space 184320K, 80% used [0x00000000c2600000,0x00000000cb604a80,0x00000000cda00000)
 Metaspace       used 7846K, capacity 8500K, committed 8704K, reserved 1056768K
  class space    used 901K, capacity 944K, committed 1024K, reserved 1048576K
Event: 4.449 GC heap after
Heap after GC invocations=27 (full 7):
 PSYoungGen      total 69632K, used 9798K [0x00000000eb780000, 0x00000000f2000000, 0x0000000100000000)
  eden space 37376K, 0% used [0x00000000eb780000,0x00000000eb780000,0x00000000edc00000)
  from space 32256K, 30% used [0x00000000f0080000,0x00000000f0a11b30,0x00000000f2000000)
  to   space 34816K, 0% used [0x00000000edc00000,0x00000000edc00000,0x00000000efe00000)
 ParOldGen       total 184320K, used 147474K [0x00000000c2600000, 0x00000000cda00000, 0x00000000eb780000)
  object space 184320K, 80% used [0x00000000c2600000,0x00000000cb604a80,0x00000000cda00000)
 Metaspace       used 7846K, capacity 8500K, committed 8704K, reserved 1056768K
  class space    used 901K, capacity 944K, committed 1024K, reserved 1048576K
}
Event: 4.558 GC heap before
{Heap before GC invocations=28 (full 7):
 PSYoungGen      total 69632K, used 47174K [0x00000000eb780000, 0x00000000f2000000, 0x0000000100000000)
  eden space 37376K, 100% used [0x00000000eb780000,0x00000000edc00000,0x00000000edc00000)
  from space 32256K, 30% used [0x00000000f0080000,0x00000000f0a11b30,0x00000000f2000000)
  to   space 34816K, 0% used [0x00000000edc00000,0x00000000edc00000,0x00000000efe00000)
 ParOldGen       total 184320K, used 147474K [0x00000000c2600000, 0x00000000cda00000, 0x00000000eb780000)
  object space 184320K, 80% used [0x00000000c2600000,0x00000000cb604a80,0x00000000cda00000)
 Metaspace       used 7846K, capacity 8500K, committed 8704K, reserved 1056768K
  class space    used 901K, capacity 944K, committed 1024K, reserved 1048576K
Event: 4.574 GC heap after
Heap after GC invocations=28 (full 7):
 PSYoungGen      total 72192K, used 21205K [0x00000000eb780000, 0x00000000f2800000, 0x0000000100000000)
  eden space 37376K, 0% used [0x00000000eb780000,0x00000000eb780000,0x00000000edc00000)
  from space 34816K, 60% used [0x00000000edc00000,0x00000000ef0b5460,0x00000000efe00000)
  to   space 35840K, 0% used [0x00000000f0500000,0x00000000f0500000,0x00000000f2800000)
 ParOldGen       total 184320K, used 147474K [0x00000000c2600000, 0x00000000cda00000, 0x00000000eb780000)
  object space 184320K, 80% used [0x00000000c2600000,0x00000000cb604a80,0x00000000cda00000)
 Metaspace       used 7846K, capacity 8500K, committed 8704K, reserved 1056768K
  class space    used 901K, capacity 944K, committed 1024K, reserved 1048576K
}
Event: 4.703 GC heap before
{Heap before GC invocations=29 (full 7):
 PSYoungGen      total 72192K, used 57863K [0x00000000eb780000, 0x00000000f2800000, 0x0000000100000000)
  eden space 37376K, 98% used [0x00000000eb780000,0x00000000edb4c7d8,0x00000000edc00000)
  from space 34816K, 60% used [0x00000000edc00000,0x00000000ef0b5460,0x00000000efe00000)
  to   space 35840K, 0% used [0x00000000f0500000,0x00000000f0500000,0x00000000f2800000)
 ParOldGen       total 184320K, used 147474K [0x00000000c2600000, 0x00000000cda00000, 0x00000000eb780000)
  object space 184320K, 80% used [0x00000000c2600000,0x00000000cb604a80,0x00000000cda00000)
 Metaspace       used 7847K, capacity 8500K, committed 8704K, reserved 1056768K
  class space    used 901K, capacity 944K, committed 1024K, reserved 1048576K
Event: 4.800 GC heap after
Heap after GC invocations=29 (full 7):
 PSYoungGen      total 72704K, used 35817K [0x00000000eb780000, 0x00000000f3600000, 0x0000000100000000)
  eden space 36864K, 0% used [0x00000000eb780000,0x00000000eb780000,0x00000000edb80000)
  from space 35840K, 99% used [0x00000000f0500000,0x00000000f27fa5c8,0x00000000f2800000)
  to   space 42496K, 0% used [0x00000000edb80000,0x00000000edb80000,0x00000000f0500000)
 ParOldGen       total 184320K, used 150040K [0x00000000c2600000, 0x00000000cda00000, 0x00000000eb780000)
  object space 184320K, 81% used [0x00000000c2600000,0x00000000cb886020,0x00000000cda00000)
 Metaspace       used 7847K, capacity 8500K, committed 8704K, reserved 1056768K
  class space    used 901K, capacity 944K, committed 1024K, reserved 1048576K
}
Event: 5.112 GC heap before
{Heap before GC invocations=30 (full 7):
 PSYoungGen      total 72704K, used 72681K [0x00000000eb780000, 0x00000000f3600000, 0x0000000100000000)
  eden space 36864K, 100% used [0x00000000eb780000,0x00000000edb80000,0x00000000edb80000)
  from space 35840K, 99% used [0x00000000f0500000,0x00000000f27fa5c8,0x00000000f2800000)
  to   space 42496K, 0% used [0x00000000edb80000,0x00000000edb80000,0x00000000f0500000)
 ParOldGen       total 184320K, used 150040K [0x00000000c2600000, 0x00000000cda00000, 0x00000000eb780000)
  object space 184320K, 81% used [0x00000000c2600000,0x00000000cb886020,0x00000000cda00000)
 Metaspace       used 7847K, capacity 8500K, committed 8704K, reserved 1056768K
  class space    used 901K, capacity 944K, committed 1024K, reserved 1048576K
Event: 5.171 GC heap after
Heap after GC invocations=30 (full 7):
 PSYoungGen      total 79360K, used 42320K [0x00000000eb780000, 0x00000000f4300000, 0x0000000100000000)
  eden space 36864K, 0% used [0x00000000eb780000,0x00000000eb780000,0x00000000edb80000)
  from space 42496K, 99% used [0x00000000edb80000,0x00000000f04d4378,0x00000000f0500000)
  to   space 49664K, 0% used [0x00000000f1280000,0x00000000f1280000,0x00000000f4300000)
 ParOldGen       total 184320K, used 154126K [0x00000000c2600000, 0x00000000cda00000, 0x00000000eb780000)
  object space 184320K, 83% used [0x00000000c2600000,0x00000000cbc83b08,0x00000000cda00000)
 Metaspace       used 7847K, capacity 8500K, committed 8704K, reserved 1056768K
  class space    used 901K, capacity 944K, committed 1024K, reserved 1048576K
}
Event: 7.262 GC heap before
{Heap before GC invocations=31 (full 7):
 PSYoungGen      total 79360K, used 79184K [0x00000000eb780000, 0x00000000f4300000, 0x0000000100000000)
  eden space 36864K, 100% used [0x00000000eb780000,0x00000000edb80000,0x00000000edb80000)
  from space 42496K, 99% used [0x00000000edb80000,0x00000000f04d4378,0x00000000f0500000)
  to   space 49664K, 0% used [0x00000000f1280000,0x00000000f1280000,0x00000000f4300000)
 ParOldGen       total 184320K, used 154126K [0x00000000c2600000, 0x00000000cda00000, 0x00000000eb780000)
  object space 184320K, 83% used [0x00000000c2600000,0x00000000cbc83b08,0x00000000cda00000)
 Metaspace       used 8222K, capacity 8756K, committed 8960K, reserved 1056768K
  class space    used 920K, capacity 944K, committed 1024K, reserved 1048576K

