# JRE version: Java(TM) SE Runtime Environment (8.0_161-b12) (build 1.8.0_161-b12)
# Java VM: Java HotSpot(TM) 64-Bit Server VM (25.161-b12 mixed mode linux-amd64 compressed oops)
Heap:
 PSYoungGen      total 155648K, used 14624K [0x00000000e6d80000, 0x00000000f7980000, 0x0000000100000000)
  eden space 44032K, 0% used [0x00000000e6d80000,0x00000000e6d80000,0x00000000e9880000)
  from space 111616K, 13% used [0x00000000e9880000,0x00000000ea6c8318,0x00000000f0580000)
  to   space 111616K, 0% used [0x00000000f0c80000,0x00000000f0c80000,0x00000000f7980000)
 ParOldGen       total 248832K, used 248724K [0x00000000b4800000, 0x00000000c3b00000, 0x00000000e6d80000)
  object space 248832K, 99% used [0x00000000b4800000,0x00000000c3ae50a8,0x00000000c3b00000)
 Metaspace       used 9942K, capacity 10220K, committed 10368K, reserved 1058816K
  class space    used 1063K, capacity 1112K, committed 1152K, reserved 1048576K
GC Heap History (10 events):
Event: 6.849 GC heap after
Heap after GC invocations=35 (full 8):
 PSYoungGen      total 128000K, used 55336K [0x00000000e6d80000, 0x00000000f4880000, 0x0000000100000000)
  eden space 43520K, 0% used [0x00000000e6d80000,0x00000000e6d80000,0x00000000e9800000)
  from space 84480K, 65% used [0x00000000e9800000,0x00000000ece0a310,0x00000000eea80000)
  to   space 87552K, 0% used [0x00000000ef300000,0x00000000ef300000,0x00000000f4880000)
 ParOldGen       total 248832K, used 204416K [0x00000000b4800000, 0x00000000c3b00000, 0x00000000e6d80000)
  object space 248832K, 82% used [0x00000000b4800000,0x00000000c0fa0118,0x00000000c3b00000)
 Metaspace       used 9800K, capacity 10156K, committed 10368K, reserved 1058816K
  class space    used 1048K, capacity 1112K, committed 1152K, reserved 1048576K
}
Event: 6.952 GC heap before
{Heap before GC invocations=36 (full 8):
 PSYoungGen      total 128000K, used 98856K [0x00000000e6d80000, 0x00000000f4880000, 0x0000000100000000)
  eden space 43520K, 100% used [0x00000000e6d80000,0x00000000e9800000,0x00000000e9800000)
  from space 84480K, 65% used [0x00000000e9800000,0x00000000ece0a310,0x00000000eea80000)
  to   space 87552K, 0% used [0x00000000ef300000,0x00000000ef300000,0x00000000f4880000)
 ParOldGen       total 248832K, used 204416K [0x00000000b4800000, 0x00000000c3b00000, 0x00000000e6d80000)
  object space 248832K, 82% used [0x00000000b4800000,0x00000000c0fa0118,0x00000000c3b00000)
 Metaspace       used 9801K, capacity 10156K, committed 10368K, reserved 1058816K
  class space    used 1048K, capacity 1112K, committed 1152K, reserved 1048576K
Event: 7.053 GC heap after
Heap after GC invocations=36 (full 8):
 PSYoungGen      total 126976K, used 76260K [0x00000000e6d80000, 0x00000000f5c80000, 0x0000000100000000)
  eden space 39424K, 0% used [0x00000000e6d80000,0x00000000e6d80000,0x00000000e9400000)
  from space 87552K, 87% used [0x00000000ef300000,0x00000000f3d79158,0x00000000f4880000)
  to   space 97280K, 0% used [0x00000000e9400000,0x00000000e9400000,0x00000000ef300000)
 ParOldGen       total 248832K, used 204416K [0x00000000b4800000, 0x00000000c3b00000, 0x00000000e6d80000)
  object space 248832K, 82% used [0x00000000b4800000,0x00000000c0fa0118,0x00000000c3b00000)
 Metaspace       used 9801K, capacity 10156K, committed 10368K, reserved 1058816K
  class space    used 1048K, capacity 1112K, committed 1152K, reserved 1048576K
}
Event: 7.145 GC heap before
{Heap before GC invocations=37 (full 8):
 PSYoungGen      total 126976K, used 115684K [0x00000000e6d80000, 0x00000000f5c80000, 0x0000000100000000)
  eden space 39424K, 100% used [0x00000000e6d80000,0x00000000e9400000,0x00000000e9400000)
  from space 87552K, 87% used [0x00000000ef300000,0x00000000f3d79158,0x00000000f4880000)
  to   space 97280K, 0% used [0x00000000e9400000,0x00000000e9400000,0x00000000ef300000)
 ParOldGen       total 248832K, used 204416K [0x00000000b4800000, 0x00000000c3b00000, 0x00000000e6d80000)
  object space 248832K, 82% used [0x00000000b4800000,0x00000000c0fa0118,0x00000000c3b00000)
 Metaspace       used 9812K, capacity 10156K, committed 10368K, reserved 1058816K
  class space    used 1048K, capacity 1112K, committed 1152K, reserved 1048576K
Event: 7.252 GC heap after
Heap after GC invocations=37 (full 8):
 PSYoungGen      total 136704K, used 88626K [0x00000000e6d80000, 0x00000000f7080000, 0x0000000100000000)
  eden space 39424K, 0% used [0x00000000e6d80000,0x00000000e6d80000,0x00000000e9400000)
  from space 97280K, 91% used [0x00000000e9400000,0x00000000eea8ca00,0x00000000ef300000)
  to   space 109568K, 0% used [0x00000000f0580000,0x00000000f0580000,0x00000000f7080000)
 ParOldGen       total 248832K, used 204416K [0x00000000b4800000, 0x00000000c3b00000, 0x00000000e6d80000)
  object space 248832K, 82% used [0x00000000b4800000,0x00000000c0fa0118,0x00000000c3b00000)
 Metaspace       used 9812K, capacity 10156K, committed 10368K, reserved 1058816K
  class space    used 1048K, capacity 1112K, committed 1152K, reserved 1048576K
}
Event: 7.365 GC heap before
{Heap before GC invocations=38 (full 8):
 PSYoungGen      total 136704K, used 128050K [0x00000000e6d80000, 0x00000000f7080000, 0x0000000100000000)
  eden space 39424K, 100% used [0x00000000e6d80000,0x00000000e9400000,0x00000000e9400000)
  from space 97280K, 91% used [0x00000000e9400000,0x00000000eea8ca00,0x00000000ef300000)
  to   space 109568K, 0% used [0x00000000f0580000,0x00000000f0580000,0x00000000f7080000)
 ParOldGen       total 248832K, used 204416K [0x00000000b4800000, 0x00000000c3b00000, 0x00000000e6d80000)
  object space 248832K, 82% used [0x00000000b4800000,0x00000000c0fa0118,0x00000000c3b00000)
 Metaspace       used 9941K, capacity 10220K, committed 10368K, reserved 1058816K
  class space    used 1063K, capacity 1112K, committed 1152K, reserved 1048576K
Event: 7.497 GC heap after
Heap after GC invocations=38 (full 8):
 PSYoungGen      total 153600K, used 67447K [0x00000000e6d80000, 0x00000000f7500000, 0x0000000100000000)
  eden space 44032K, 0% used [0x00000000e6d80000,0x00000000e6d80000,0x00000000e9880000)
  from space 109568K, 61% used [0x00000000f0580000,0x00000000f475df68,0x00000000f7080000)
  to   space 111616K, 0% used [0x00000000e9880000,0x00000000e9880000,0x00000000f0580000)
 ParOldGen       total 248832K, used 221066K [0x00000000b4800000, 0x00000000c3b00000, 0x00000000e6d80000)
  object space 248832K, 88% used [0x00000000b4800000,0x00000000c1fe29f8,0x00000000c3b00000)
 Metaspace       used 9941K, capacity 10220K, committed 10368K, reserved 1058816K
  class space    used 1063K, capacity 1112K, committed 1152K, reserved 1048576K
}
Event: 7.705 GC heap before
{Heap before GC invocations=39 (full 8):
 PSYoungGen      total 153600K, used 111479K [0x00000000e6d80000, 0x00000000f7500000, 0x0000000100000000)
  eden space 44032K, 100% used [0x00000000e6d80000,0x00000000e9880000,0x00000000e9880000)
  from space 109568K, 61% used [0x00000000f0580000,0x00000000f475df68,0x00000000f7080000)
  to   space 111616K, 0% used [0x00000000e9880000,0x00000000e9880000,0x00000000f0580000)
 ParOldGen       total 248832K, used 221066K [0x00000000b4800000, 0x00000000c3b00000, 0x00000000e6d80000)
  object space 248832K, 88% used [0x00000000b4800000,0x00000000c1fe29f8,0x00000000c3b00000)
 Metaspace       used 9942K, capacity 10220K, committed 10368K, reserved 1058816K
  class space    used 1063K, capacity 1112K, committed 1152K, reserved 1048576K
Event: 7.771 GC heap after
Heap after GC invocations=39 (full 8):
 PSYoungGen      total 155648K, used 63959K [0x00000000e6d80000, 0x00000000f7980000, 0x0000000100000000)
  eden space 44032K, 0% used [0x00000000e6d80000,0x00000000e6d80000,0x00000000e9880000)
  from space 111616K, 57% used [0x00000000e9880000,0x00000000ed6f5cd0,0x00000000f0580000)
  to   space 111616K, 0% used [0x00000000f0c80000,0x00000000f0c80000,0x00000000f7980000)
 ParOldGen       total 248832K, used 239799K [0x00000000b4800000, 0x00000000c3b00000, 0x00000000e6d80000)
  object space 248832K, 96% used [0x00000000b4800000,0x00000000c322dd38,0x00000000c3b00000)
 Metaspace       used 9942K, capacity 10220K, committed 10368K, reserved 1058816K
  class space    used 1063K, capacity 1112K, committed 1152K, reserved 1048576K
}
Event: 7.772 GC heap before
{Heap before GC invocations=40 (full 9):
 PSYoungGen      total 155648K, used 63959K [0x00000000e6d80000, 0x00000000f7980000, 0x0000000100000000)
  eden space 44032K, 0% used [0x00000000e6d80000,0x00000000e6d80000,0x00000000e9880000)
  from space 111616K, 57% used [0x00000000e9880000,0x00000000ed6f5cd0,0x00000000f0580000)
  to   space 111616K, 0% used [0x00000000f0c80000,0x00000000f0c80000,0x00000000f7980000)
 ParOldGen       total 248832K, used 239799K [0x00000000b4800000, 0x00000000c3b00000, 0x00000000e6d80000)
  object space 248832K, 96% used [0x00000000b4800000,0x00000000c322dd38,0x00000000c3b00000)
 Metaspace       used 9942K, capacity 10220K, committed 10368K, reserved 1058816K
  class space    used 1063K, capacity 1112K, committed 1152K, reserved 1048576K

