# JRE version: Java(TM) SE Runtime Environment (8.0_161-b12) (build 1.8.0_161-b12)
# Java VM: Java HotSpot(TM) 64-Bit Server VM (25.161-b12 mixed mode linux-amd64 compressed oops)
Heap:
 PSYoungGen      total 132096K, used 0K [0x00000000e6d80000, 0x00000000f4c80000, 0x0000000100000000)
  eden space 42496K, 0% used [0x00000000e6d80000,0x00000000e6d80000,0x00000000e9700000)
  from space 89600K, 0% used [0x00000000e9700000,0x00000000e9700000,0x00000000eee80000)
  to   space 91136K, 0% used [0x00000000ef380000,0x00000000ef380000,0x00000000f4c80000)
 ParOldGen       total 289792K, used 287644K [0x00000000b4800000, 0x00000000c6300000, 0x00000000e6d80000)
  object space 289792K, 99% used [0x00000000b4800000,0x00000000c60e7248,0x00000000c6300000)
 Metaspace       used 11242K, capacity 11430K, committed 11520K, reserved 1058816K
  class space    used 1214K, capacity 1274K, committed 1280K, reserved 1048576K
GC Heap History (10 events):
Event: 28.545 GC heap after
Heap after GC invocations=42 (full 9):
 PSYoungGen      total 104960K, used 54262K [0x00000000e6d80000, 0x00000000f1e00000, 0x0000000100000000)
  eden space 50688K, 0% used [0x00000000e6d80000,0x00000000e6d80000,0x00000000e9f00000)
  from space 54272K, 99% used [0x00000000e9f00000,0x00000000ed3fd910,0x00000000ed400000)
  to   space 62464K, 0% used [0x00000000ee100000,0x00000000ee100000,0x00000000f1e00000)
 ParOldGen       total 289792K, used 241850K [0x00000000b4800000, 0x00000000c6300000, 0x00000000e6d80000)
  object space 289792K, 83% used [0x00000000b4800000,0x00000000c342eb10,0x00000000c6300000)
 Metaspace       used 9809K, capacity 10156K, committed 10368K, reserved 1058816K
  class space    used 1048K, capacity 1112K, committed 1152K, reserved 1048576K
}
Event: 29.985 GC heap before
{Heap before GC invocations=43 (full 9):
 PSYoungGen      total 104960K, used 104950K [0x00000000e6d80000, 0x00000000f1e00000, 0x0000000100000000)
  eden space 50688K, 100% used [0x00000000e6d80000,0x00000000e9f00000,0x00000000e9f00000)
  from space 54272K, 99% used [0x00000000e9f00000,0x00000000ed3fd910,0x00000000ed400000)
  to   space 62464K, 0% used [0x00000000ee100000,0x00000000ee100000,0x00000000f1e00000)
 ParOldGen       total 289792K, used 241850K [0x00000000b4800000, 0x00000000c6300000, 0x00000000e6d80000)
  object space 289792K, 83% used [0x00000000b4800000,0x00000000c342eb10,0x00000000c6300000)
 Metaspace       used 9950K, capacity 10156K, committed 10368K, reserved 1058816K
  class space    used 1068K, capacity 1112K, committed 1152K, reserved 1048576K
Event: 30.200 GC heap after
Heap after GC invocations=43 (full 9):
 PSYoungGen      total 115712K, used 43101K [0x00000000e6d80000, 0x00000000f2280000, 0x0000000100000000)
  eden space 53248K, 0% used [0x00000000e6d80000,0x00000000e6d80000,0x00000000ea180000)
  from space 62464K, 69% used [0x00000000ee100000,0x00000000f0b176c0,0x00000000f1e00000)
  to   space 65024K, 0% used [0x00000000ea180000,0x00000000ea180000,0x00000000ee100000)
 ParOldGen       total 289792K, used 251011K [0x00000000b4800000, 0x00000000c6300000, 0x00000000e6d80000)
  object space 289792K, 86% used [0x00000000b4800000,0x00000000c3d20ce8,0x00000000c6300000)
 Metaspace       used 9950K, capacity 10156K, committed 10368K, reserved 1058816K
  class space    used 1068K, capacity 1112K, committed 1152K, reserved 1048576K
}
Event: 33.834 GC heap before
{Heap before GC invocations=44 (full 9):
 PSYoungGen      total 115712K, used 96348K [0x00000000e6d80000, 0x00000000f2280000, 0x0000000100000000)
  eden space 53248K, 99% used [0x00000000e6d80000,0x00000000ea17fa10,0x00000000ea180000)
  from space 62464K, 69% used [0x00000000ee100000,0x00000000f0b176c0,0x00000000f1e00000)
  to   space 65024K, 0% used [0x00000000ea180000,0x00000000ea180000,0x00000000ee100000)
 ParOldGen       total 289792K, used 251011K [0x00000000b4800000, 0x00000000c6300000, 0x00000000e6d80000)
  object space 289792K, 86% used [0x00000000b4800000,0x00000000c3d20ce8,0x00000000c6300000)
 Metaspace       used 9950K, capacity 10156K, committed 10368K, reserved 1058816K
  class space    used 1068K, capacity 1112K, committed 1152K, reserved 1048576K
Event: 34.235 GC heap after
Heap after GC invocations=44 (full 9):
 PSYoungGen      total 118272K, used 63282K [0x00000000e6d80000, 0x00000000f3700000, 0x0000000100000000)
  eden space 53248K, 0% used [0x00000000e6d80000,0x00000000e6d80000,0x00000000ea180000)
  from space 65024K, 97% used [0x00000000ea180000,0x00000000edf4cb08,0x00000000ee100000)
  to   space 74240K, 0% used [0x00000000eee80000,0x00000000eee80000,0x00000000f3700000)
 ParOldGen       total 289792K, used 251011K [0x00000000b4800000, 0x00000000c6300000, 0x00000000e6d80000)
  object space 289792K, 86% used [0x00000000b4800000,0x00000000c3d20ce8,0x00000000c6300000)
 Metaspace       used 9950K, capacity 10156K, committed 10368K, reserved 1058816K
  class space    used 1068K, capacity 1112K, committed 1152K, reserved 1048576K
}
Event: 38.503 GC heap before
{Heap before GC invocations=45 (full 9):
 PSYoungGen      total 118272K, used 116530K [0x00000000e6d80000, 0x00000000f3700000, 0x0000000100000000)
  eden space 53248K, 100% used [0x00000000e6d80000,0x00000000ea180000,0x00000000ea180000)
  from space 65024K, 97% used [0x00000000ea180000,0x00000000edf4cb08,0x00000000ee100000)
  to   space 74240K, 0% used [0x00000000eee80000,0x00000000eee80000,0x00000000f3700000)
 ParOldGen       total 289792K, used 251011K [0x00000000b4800000, 0x00000000c6300000, 0x00000000e6d80000)
  object space 289792K, 86% used [0x00000000b4800000,0x00000000c3d20ce8,0x00000000c6300000)
 Metaspace       used 9973K, capacity 10220K, committed 10368K, reserved 1058816K
  class space    used 1068K, capacity 1112K, committed 1152K, reserved 1048576K
Event: 39.026 GC heap after
Heap after GC invocations=45 (full 9):
 PSYoungGen      total 116736K, used 74213K [0x00000000e6d80000, 0x00000000f5500000, 0x0000000100000000)
  eden space 42496K, 0% used [0x00000000e6d80000,0x00000000e6d80000,0x00000000e9700000)
  from space 74240K, 99% used [0x00000000eee80000,0x00000000f36f95d8,0x00000000f3700000)
  to   space 89600K, 0% used [0x00000000e9700000,0x00000000e9700000,0x00000000eee80000)
 ParOldGen       total 289792K, used 261359K [0x00000000b4800000, 0x00000000c6300000, 0x00000000e6d80000)
  object space 289792K, 90% used [0x00000000b4800000,0x00000000c473bdc0,0x00000000c6300000)
 Metaspace       used 9973K, capacity 10220K, committed 10368K, reserved 1058816K
  class space    used 1068K, capacity 1112K, committed 1152K, reserved 1048576K
}
Event: 39.583 GC heap before
{Heap before GC invocations=46 (full 9):
 PSYoungGen      total 116736K, used 116709K [0x00000000e6d80000, 0x00000000f5500000, 0x0000000100000000)
  eden space 42496K, 100% used [0x00000000e6d80000,0x00000000e9700000,0x00000000e9700000)
  from space 74240K, 99% used [0x00000000eee80000,0x00000000f36f95d8,0x00000000f3700000)
  to   space 89600K, 0% used [0x00000000e9700000,0x00000000e9700000,0x00000000eee80000)
 ParOldGen       total 289792K, used 261359K [0x00000000b4800000, 0x00000000c6300000, 0x00000000e6d80000)
  object space 289792K, 90% used [0x00000000b4800000,0x00000000c473bdc0,0x00000000c6300000)
 Metaspace       used 11242K, capacity 11430K, committed 11520K, reserved 1058816K
  class space    used 1214K, capacity 1274K, committed 1280K, reserved 1048576K
Event: 39.706 GC heap after
Heap after GC invocations=46 (full 9):
 PSYoungGen      total 132096K, used 54841K [0x00000000e6d80000, 0x00000000f4c80000, 0x0000000100000000)
  eden space 42496K, 0% used [0x00000000e6d80000,0x00000000e6d80000,0x00000000e9700000)
  from space 89600K, 61% used [0x00000000e9700000,0x00000000ecc8e6b8,0x00000000eee80000)
  to   space 91136K, 0% used [0x00000000ef380000,0x00000000ef380000,0x00000000f4c80000)
 ParOldGen       total 289792K, used 276116K [0x00000000b4800000, 0x00000000c6300000, 0x00000000e6d80000)
  object space 289792K, 95% used [0x00000000b4800000,0x00000000c55a52a8,0x00000000c6300000)
 Metaspace       used 11242K, capacity 11430K, committed 11520K, reserved 1058816K
  class space    used 1214K, capacity 1274K, committed 1280K, reserved 1048576K
}
Event: 39.709 GC heap before
{Heap before GC invocations=47 (full 10):
 PSYoungGen      total 132096K, used 54841K [0x00000000e6d80000, 0x00000000f4c80000, 0x0000000100000000)
  eden space 42496K, 0% used [0x00000000e6d80000,0x00000000e6d80000,0x00000000e9700000)
  from space 89600K, 61% used [0x00000000e9700000,0x00000000ecc8e6b8,0x00000000eee80000)
  to   space 91136K, 0% used [0x00000000ef380000,0x00000000ef380000,0x00000000f4c80000)
 ParOldGen       total 289792K, used 276116K [0x00000000b4800000, 0x00000000c6300000, 0x00000000e6d80000)
  object space 289792K, 95% used [0x00000000b4800000,0x00000000c55a52a8,0x00000000c6300000)
 Metaspace       used 11242K, capacity 11430K, committed 11520K, reserved 1058816K
  class space    used 1214K, capacity 1274K, committed 1280K, reserved 1048576K

