# JRE version: Java(TM) SE Runtime Environment (8.0_161-b12) (build 1.8.0_161-b12)
# Java VM: Java HotSpot(TM) 64-Bit Server VM (25.161-b12 mixed mode linux-amd64 compressed oops)
Heap:
 PSYoungGen      total 133120K, used 3894K [0x00000000eb780000, 0x00000000fa880000, 0x0000000100000000)
  eden space 20992K, 0% used [0x00000000eb780000,0x00000000eb780000,0x00000000ecc00000)
  from space 112128K, 3% used [0x00000000ecc00000,0x00000000ecfcd958,0x00000000f3980000)
  to   space 111104K, 0% used [0x00000000f3c00000,0x00000000f3c00000,0x00000000fa880000)
 ParOldGen       total 248320K, used 247857K [0x00000000c2600000, 0x00000000d1880000, 0x00000000eb780000)
  object space 248320K, 99% used [0x00000000c2600000,0x00000000d180c440,0x00000000d1880000)
 Metaspace       used 9940K, capacity 10220K, committed 10368K, reserved 1058816K
  class space    used 1063K, capacity 1112K, committed 1152K, reserved 1048576K
GC Heap History (10 events):
Event: 41.181 GC heap after
Heap after GC invocations=40 (full 9):
 PSYoungGen      total 107520K, used 78875K [0x00000000eb780000, 0x00000000f8980000, 0x0000000100000000)
  eden space 27648K, 0% used [0x00000000eb780000,0x00000000eb780000,0x00000000ed280000)
  from space 79872K, 98% used [0x00000000ed280000,0x00000000f1f86ca0,0x00000000f2080000)
  to   space 92160K, 0% used [0x00000000f2f80000,0x00000000f2f80000,0x00000000f8980000)
 ParOldGen       total 243712K, used 213571K [0x00000000c2600000, 0x00000000d1400000, 0x00000000eb780000)
  object space 243712K, 87% used [0x00000000c2600000,0x00000000cf690fe8,0x00000000d1400000)
 Metaspace       used 9754K, capacity 10092K, committed 10368K, reserved 1058816K
  class space    used 1048K, capacity 1112K, committed 1152K, reserved 1048576K
}
Event: 41.329 GC heap before
{Heap before GC invocations=41 (full 9):
 PSYoungGen      total 107520K, used 106523K [0x00000000eb780000, 0x00000000f8980000, 0x0000000100000000)
  eden space 27648K, 100% used [0x00000000eb780000,0x00000000ed280000,0x00000000ed280000)
  from space 79872K, 98% used [0x00000000ed280000,0x00000000f1f86ca0,0x00000000f2080000)
  to   space 92160K, 0% used [0x00000000f2f80000,0x00000000f2f80000,0x00000000f8980000)
 ParOldGen       total 243712K, used 213571K [0x00000000c2600000, 0x00000000d1400000, 0x00000000eb780000)
  object space 243712K, 87% used [0x00000000c2600000,0x00000000cf690fe8,0x00000000d1400000)
 Metaspace       used 9800K, capacity 10156K, committed 10368K, reserved 1058816K
  class space    used 1048K, capacity 1112K, committed 1152K, reserved 1048576K
Event: 41.457 GC heap after
Heap after GC invocations=41 (full 9):
 PSYoungGen      total 110592K, used 85416K [0x00000000eb780000, 0x00000000fa200000, 0x0000000100000000)
  eden space 18432K, 0% used [0x00000000eb780000,0x00000000eb780000,0x00000000ec980000)
  from space 92160K, 92% used [0x00000000f2f80000,0x00000000f82ea190,0x00000000f8980000)
  to   space 104448K, 0% used [0x00000000ec980000,0x00000000ec980000,0x00000000f2f80000)
 ParOldGen       total 243712K, used 213579K [0x00000000c2600000, 0x00000000d1400000, 0x00000000eb780000)
  object space 243712K, 87% used [0x00000000c2600000,0x00000000cf692fe8,0x00000000d1400000)
 Metaspace       used 9800K, capacity 10156K, committed 10368K, reserved 1058816K
  class space    used 1048K, capacity 1112K, committed 1152K, reserved 1048576K
}
Event: 41.513 GC heap before
{Heap before GC invocations=42 (full 9):
 PSYoungGen      total 110592K, used 103848K [0x00000000eb780000, 0x00000000fa200000, 0x0000000100000000)
  eden space 18432K, 100% used [0x00000000eb780000,0x00000000ec980000,0x00000000ec980000)
  from space 92160K, 92% used [0x00000000f2f80000,0x00000000f82ea190,0x00000000f8980000)
  to   space 104448K, 0% used [0x00000000ec980000,0x00000000ec980000,0x00000000f2f80000)
 ParOldGen       total 243712K, used 213579K [0x00000000c2600000, 0x00000000d1400000, 0x00000000eb780000)
  object space 243712K, 87% used [0x00000000c2600000,0x00000000cf692fe8,0x00000000d1400000)
 Metaspace       used 9810K, capacity 10156K, committed 10368K, reserved 1058816K
  class space    used 1048K, capacity 1112K, committed 1152K, reserved 1048576K
Event: 41.624 GC heap after
Heap after GC invocations=42 (full 9):
 PSYoungGen      total 122880K, used 84340K [0x00000000eb780000, 0x00000000fa700000, 0x0000000100000000)
  eden space 18432K, 0% used [0x00000000eb780000,0x00000000eb780000,0x00000000ec980000)
  from space 104448K, 80% used [0x00000000ec980000,0x00000000f1bdd1f0,0x00000000f2f80000)
  to   space 112128K, 0% used [0x00000000f3980000,0x00000000f3980000,0x00000000fa700000)
 ParOldGen       total 243712K, used 213579K [0x00000000c2600000, 0x00000000d1400000, 0x00000000eb780000)
  object space 243712K, 87% used [0x00000000c2600000,0x00000000cf692fe8,0x00000000d1400000)
 Metaspace       used 9810K, capacity 10156K, committed 10368K, reserved 1058816K
  class space    used 1048K, capacity 1112K, committed 1152K, reserved 1048576K
}
Event: 41.750 GC heap before
{Heap before GC invocations=43 (full 9):
 PSYoungGen      total 122880K, used 102772K [0x00000000eb780000, 0x00000000fa700000, 0x0000000100000000)
  eden space 18432K, 100% used [0x00000000eb780000,0x00000000ec980000,0x00000000ec980000)
  from space 104448K, 80% used [0x00000000ec980000,0x00000000f1bdd1f0,0x00000000f2f80000)
  to   space 112128K, 0% used [0x00000000f3980000,0x00000000f3980000,0x00000000fa700000)
 ParOldGen       total 243712K, used 213579K [0x00000000c2600000, 0x00000000d1400000, 0x00000000eb780000)
  object space 243712K, 87% used [0x00000000c2600000,0x00000000cf692fe8,0x00000000d1400000)
 Metaspace       used 9938K, capacity 10220K, committed 10368K, reserved 1058816K
  class space    used 1063K, capacity 1112K, committed 1152K, reserved 1048576K
Event: 41.929 GC heap after
Heap after GC invocations=43 (full 9):
 PSYoungGen      total 133120K, used 75432K [0x00000000eb780000, 0x00000000fa700000, 0x0000000100000000)
  eden space 20992K, 0% used [0x00000000eb780000,0x00000000eb780000,0x00000000ecc00000)
  from space 112128K, 67% used [0x00000000f3980000,0x00000000f832a300,0x00000000fa700000)
  to   space 112128K, 0% used [0x00000000ecc00000,0x00000000ecc00000,0x00000000f3980000)
 ParOldGen       total 243712K, used 218434K [0x00000000c2600000, 0x00000000d1400000, 0x00000000eb780000)
  object space 243712K, 89% used [0x00000000c2600000,0x00000000cfb50ae8,0x00000000d1400000)
 Metaspace       used 9938K, capacity 10220K, committed 10368K, reserved 1058816K
  class space    used 1063K, capacity 1112K, committed 1152K, reserved 1048576K
}
Event: 42.012 GC heap before
{Heap before GC invocations=44 (full 9):
 PSYoungGen      total 133120K, used 96424K [0x00000000eb780000, 0x00000000fa700000, 0x0000000100000000)
  eden space 20992K, 100% used [0x00000000eb780000,0x00000000ecc00000,0x00000000ecc00000)
  from space 112128K, 67% used [0x00000000f3980000,0x00000000f832a300,0x00000000fa700000)
  to   space 112128K, 0% used [0x00000000ecc00000,0x00000000ecc00000,0x00000000f3980000)
 ParOldGen       total 243712K, used 218434K [0x00000000c2600000, 0x00000000d1400000, 0x00000000eb780000)
  object space 243712K, 89% used [0x00000000c2600000,0x00000000cfb50ae8,0x00000000d1400000)
 Metaspace       used 9940K, capacity 10220K, committed 10368K, reserved 1058816K
  class space    used 1063K, capacity 1112K, committed 1152K, reserved 1048576K
Event: 42.309 GC heap after
Heap after GC invocations=44 (full 9):
 PSYoungGen      total 133120K, used 50540K [0x00000000eb780000, 0x00000000fa880000, 0x0000000100000000)
  eden space 20992K, 0% used [0x00000000eb780000,0x00000000eb780000,0x00000000ecc00000)
  from space 112128K, 45% used [0x00000000ecc00000,0x00000000efd5b1e0,0x00000000f3980000)
  to   space 111104K, 0% used [0x00000000f3c00000,0x00000000f3c00000,0x00000000fa880000)
 ParOldGen       total 248320K, used 248010K [0x00000000c2600000, 0x00000000d1880000, 0x00000000eb780000)
  object space 248320K, 99% used [0x00000000c2600000,0x00000000d1832af0,0x00000000d1880000)
 Metaspace       used 9940K, capacity 10220K, committed 10368K, reserved 1058816K
  class space    used 1063K, capacity 1112K, committed 1152K, reserved 1048576K
}
Event: 42.315 GC heap before
{Heap before GC invocations=45 (full 10):
 PSYoungGen      total 133120K, used 50540K [0x00000000eb780000, 0x00000000fa880000, 0x0000000100000000)
  eden space 20992K, 0% used [0x00000000eb780000,0x00000000eb780000,0x00000000ecc00000)
  from space 112128K, 45% used [0x00000000ecc00000,0x00000000efd5b1e0,0x00000000f3980000)
  to   space 111104K, 0% used [0x00000000f3c00000,0x00000000f3c00000,0x00000000fa880000)
 ParOldGen       total 248320K, used 248010K [0x00000000c2600000, 0x00000000d1880000, 0x00000000eb780000)
  object space 248320K, 99% used [0x00000000c2600000,0x00000000d1832af0,0x00000000d1880000)
 Metaspace       used 9940K, capacity 10220K, committed 10368K, reserved 1058816K
  class space    used 1063K, capacity 1112K, committed 1152K, reserved 1048576K

