# JRE version: Java(TM) SE Runtime Environment (8.0_161-b12) (build 1.8.0_161-b12)
# Java VM: Java HotSpot(TM) 64-Bit Server VM (25.161-b12 mixed mode linux-amd64 compressed oops)
Heap:
 PSYoungGen      total 153600K, used 19007K [0x00000000eb780000, 0x00000000fbb00000, 0x0000000100000000)
  eden space 41472K, 0% used [0x00000000eb780000,0x00000000eb780000,0x00000000ee000000)
  from space 112128K, 16% used [0x00000000f4d80000,0x00000000f600fd60,0x00000000fbb00000)
  to   space 112128K, 0% used [0x00000000ee000000,0x00000000ee000000,0x00000000f4d80000)
 ParOldGen       total 235008K, used 234754K [0x00000000c2600000, 0x00000000d0b80000, 0x00000000eb780000)
  object space 235008K, 99% used [0x00000000c2600000,0x00000000d0b40ab8,0x00000000d0b80000)
 Metaspace       used 9960K, capacity 10220K, committed 10368K, reserved 1058816K
  class space    used 1063K, capacity 1112K, committed 1152K, reserved 1048576K
GC Heap History (10 events):
Event: 5.948 GC heap after
Heap after GC invocations=40 (full 8):
 PSYoungGen      total 123904K, used 72322K [0x00000000eb780000, 0x00000000f9f80000, 0x0000000100000000)
  eden space 33792K, 0% used [0x00000000eb780000,0x00000000eb780000,0x00000000ed880000)
  from space 90112K, 80% used [0x00000000f3800000,0x00000000f7ea0858,0x00000000f9000000)
  to   space 97792K, 0% used [0x00000000ed880000,0x00000000ed880000,0x00000000f3800000)
 ParOldGen       total 235008K, used 190819K [0x00000000c2600000, 0x00000000d0b80000, 0x00000000eb780000)
  object space 235008K, 81% used [0x00000000c2600000,0x00000000ce058f88,0x00000000d0b80000)
 Metaspace       used 9794K, capacity 10156K, committed 10368K, reserved 1058816K
  class space    used 1048K, capacity 1112K, committed 1152K, reserved 1048576K
}
Event: 6.048 GC heap before
{Heap before GC invocations=41 (full 8):
 PSYoungGen      total 123904K, used 106114K [0x00000000eb780000, 0x00000000f9f80000, 0x0000000100000000)
  eden space 33792K, 100% used [0x00000000eb780000,0x00000000ed880000,0x00000000ed880000)
  from space 90112K, 80% used [0x00000000f3800000,0x00000000f7ea0858,0x00000000f9000000)
  to   space 97792K, 0% used [0x00000000ed880000,0x00000000ed880000,0x00000000f3800000)
 ParOldGen       total 235008K, used 190819K [0x00000000c2600000, 0x00000000d0b80000, 0x00000000eb780000)
  object space 235008K, 81% used [0x00000000c2600000,0x00000000ce058f88,0x00000000d0b80000)
 Metaspace       used 9796K, capacity 10156K, committed 10368K, reserved 1058816K
  class space    used 1048K, capacity 1112K, committed 1152K, reserved 1048576K
Event: 6.136 GC heap after
Heap after GC invocations=41 (full 8):
 PSYoungGen      total 131584K, used 89036K [0x00000000eb780000, 0x00000000fb300000, 0x0000000100000000)
  eden space 33792K, 0% used [0x00000000eb780000,0x00000000eb780000,0x00000000ed880000)
  from space 97792K, 91% used [0x00000000ed880000,0x00000000f2f73038,0x00000000f3800000)
  to   space 109568K, 0% used [0x00000000f4800000,0x00000000f4800000,0x00000000fb300000)
 ParOldGen       total 235008K, used 190827K [0x00000000c2600000, 0x00000000d0b80000, 0x00000000eb780000)
  object space 235008K, 81% used [0x00000000c2600000,0x00000000ce05af88,0x00000000d0b80000)
 Metaspace       used 9796K, capacity 10156K, committed 10368K, reserved 1058816K
  class space    used 1048K, capacity 1112K, committed 1152K, reserved 1048576K
}
Event: 6.262 GC heap before
{Heap before GC invocations=42 (full 8):
 PSYoungGen      total 131584K, used 122828K [0x00000000eb780000, 0x00000000fb300000, 0x0000000100000000)
  eden space 33792K, 100% used [0x00000000eb780000,0x00000000ed880000,0x00000000ed880000)
  from space 97792K, 91% used [0x00000000ed880000,0x00000000f2f73038,0x00000000f3800000)
  to   space 109568K, 0% used [0x00000000f4800000,0x00000000f4800000,0x00000000fb300000)
 ParOldGen       total 235008K, used 190827K [0x00000000c2600000, 0x00000000d0b80000, 0x00000000eb780000)
  object space 235008K, 81% used [0x00000000c2600000,0x00000000ce05af88,0x00000000d0b80000)
 Metaspace       used 9810K, capacity 10156K, committed 10368K, reserved 1058816K
  class space    used 1048K, capacity 1112K, committed 1152K, reserved 1048576K
Event: 6.445 GC heap after
Heap after GC invocations=42 (full 8):
 PSYoungGen      total 145408K, used 105993K [0x00000000eb780000, 0x00000000fb880000, 0x0000000100000000)
  eden space 35840K, 0% used [0x00000000eb780000,0x00000000eb780000,0x00000000eda80000)
  from space 109568K, 96% used [0x00000000f4800000,0x00000000faf82450,0x00000000fb300000)
  to   space 112128K, 0% used [0x00000000eda80000,0x00000000eda80000,0x00000000f4800000)
 ParOldGen       total 235008K, used 190827K [0x00000000c2600000, 0x00000000d0b80000, 0x00000000eb780000)
  object space 235008K, 81% used [0x00000000c2600000,0x00000000ce05af88,0x00000000d0b80000)
 Metaspace       used 9810K, capacity 10156K, committed 10368K, reserved 1058816K
  class space    used 1048K, capacity 1112K, committed 1152K, reserved 1048576K
}
Event: 6.534 GC heap before
{Heap before GC invocations=43 (full 8):
 PSYoungGen      total 145408K, used 141833K [0x00000000eb780000, 0x00000000fb880000, 0x0000000100000000)
  eden space 35840K, 100% used [0x00000000eb780000,0x00000000eda80000,0x00000000eda80000)
  from space 109568K, 96% used [0x00000000f4800000,0x00000000faf82450,0x00000000fb300000)
  to   space 112128K, 0% used [0x00000000eda80000,0x00000000eda80000,0x00000000f4800000)
 ParOldGen       total 235008K, used 190827K [0x00000000c2600000, 0x00000000d0b80000, 0x00000000eb780000)
  object space 235008K, 81% used [0x00000000c2600000,0x00000000ce05af88,0x00000000d0b80000)
 Metaspace       used 9854K, capacity 10220K, committed 10368K, reserved 1058816K
  class space    used 1048K, capacity 1112K, committed 1152K, reserved 1048576K
Event: 6.660 GC heap after
Heap after GC invocations=43 (full 8):
 PSYoungGen      total 147968K, used 84066K [0x00000000eb780000, 0x00000000fbb00000, 0x0000000100000000)
  eden space 35840K, 0% used [0x00000000eb780000,0x00000000eb780000,0x00000000eda80000)
  from space 112128K, 74% used [0x00000000eda80000,0x00000000f2c98aa8,0x00000000f4800000)
  to   space 112128K, 0% used [0x00000000f4d80000,0x00000000f4d80000,0x00000000fbb00000)
 ParOldGen       total 235008K, used 210031K [0x00000000c2600000, 0x00000000d0b80000, 0x00000000eb780000)
  object space 235008K, 89% used [0x00000000c2600000,0x00000000cf31bcc0,0x00000000d0b80000)
 Metaspace       used 9854K, capacity 10220K, committed 10368K, reserved 1058816K
  class space    used 1048K, capacity 1112K, committed 1152K, reserved 1048576K
}
Event: 7.059 GC heap before
{Heap before GC invocations=44 (full 8):
 PSYoungGen      total 147968K, used 119906K [0x00000000eb780000, 0x00000000fbb00000, 0x0000000100000000)
  eden space 35840K, 100% used [0x00000000eb780000,0x00000000eda80000,0x00000000eda80000)
  from space 112128K, 74% used [0x00000000eda80000,0x00000000f2c98aa8,0x00000000f4800000)
  to   space 112128K, 0% used [0x00000000f4d80000,0x00000000f4d80000,0x00000000fbb00000)
 ParOldGen       total 235008K, used 210031K [0x00000000c2600000, 0x00000000d0b80000, 0x00000000eb780000)
  object space 235008K, 89% used [0x00000000c2600000,0x00000000cf31bcc0,0x00000000d0b80000)
 Metaspace       used 9960K, capacity 10220K, committed 10368K, reserved 1058816K
  class space    used 1063K, capacity 1112K, committed 1152K, reserved 1048576K
Event: 7.596 GC heap after
Heap after GC invocations=44 (full 8):
 PSYoungGen      total 153600K, used 68912K [0x00000000eb780000, 0x00000000fbb00000, 0x0000000100000000)
  eden space 41472K, 0% used [0x00000000eb780000,0x00000000eb780000,0x00000000ee000000)
  from space 112128K, 61% used [0x00000000f4d80000,0x00000000f90cc3f0,0x00000000fbb00000)
  to   space 112128K, 0% used [0x00000000ee000000,0x00000000ee000000,0x00000000f4d80000)
 ParOldGen       total 235008K, used 229692K [0x00000000c2600000, 0x00000000d0b80000, 0x00000000eb780000)
  object space 235008K, 97% used [0x00000000c2600000,0x00000000d064f150,0x00000000d0b80000)
 Metaspace       used 9960K, capacity 10220K, committed 10368K, reserved 1058816K
  class space    used 1063K, capacity 1112K, committed 1152K, reserved 1048576K
}
Event: 7.607 GC heap before
{Heap before GC invocations=45 (full 9):
 PSYoungGen      total 153600K, used 68912K [0x00000000eb780000, 0x00000000fbb00000, 0x0000000100000000)
  eden space 41472K, 0% used [0x00000000eb780000,0x00000000eb780000,0x00000000ee000000)
  from space 112128K, 61% used [0x00000000f4d80000,0x00000000f90cc3f0,0x00000000fbb00000)
  to   space 112128K, 0% used [0x00000000ee000000,0x00000000ee000000,0x00000000f4d80000)
 ParOldGen       total 235008K, used 229692K [0x00000000c2600000, 0x00000000d0b80000, 0x00000000eb780000)
  object space 235008K, 97% used [0x00000000c2600000,0x00000000d064f150,0x00000000d0b80000)
 Metaspace       used 9960K, capacity 10220K, committed 10368K, reserved 1058816K
  class space    used 1063K, capacity 1112K, committed 1152K, reserved 1048576K

