# JRE version: Java(TM) SE Runtime Environment (8.0_161-b12) (build 1.8.0_161-b12)
# Java VM: Java HotSpot(TM) 64-Bit Server VM (25.161-b12 mixed mode linux-amd64 compressed oops)
Heap:
 PSYoungGen      total 185344K, used 47087K [0x00000000e6d80000, 0x00000000f5900000, 0x0000000100000000)
  eden space 138240K, 0% used [0x00000000e6d80000,0x00000000e6d80000,0x00000000ef480000)
  from space 47104K, 99% used [0x00000000f2b00000,0x00000000f58fbe60,0x00000000f5900000)
  to   space 41472K, 0% used [0x00000000ef480000,0x00000000ef480000,0x00000000f1d00000)
 ParOldGen       total 378880K, used 332534K [0x00000000b4800000, 0x00000000cba00000, 0x00000000e6d80000)
  object space 378880K, 87% used [0x00000000b4800000,0x00000000c8cbdbd8,0x00000000cba00000)
 Metaspace       used 12843K, capacity 12998K, committed 13184K, reserved 1060864K
  class space    used 1261K, capacity 1306K, committed 1408K, reserved 1048576K
GC Heap History (10 events):
Event: 19.424 GC heap after
Heap after GC invocations=101 (full 12):
 PSYoungGen      total 163840K, used 18720K [0x00000000e6d80000, 0x00000000f3980000, 0x0000000100000000)
  eden space 122880K, 0% used [0x00000000e6d80000,0x00000000e6d80000,0x00000000ee580000)
  from space 40960K, 45% used [0x00000000ee580000,0x00000000ef7c8040,0x00000000f0d80000)
  to   space 38912K, 0% used [0x00000000f1380000,0x00000000f1380000,0x00000000f3980000)
 ParOldGen       total 378880K, used 326218K [0x00000000b4800000, 0x00000000cba00000, 0x00000000e6d80000)
  object space 378880K, 86% used [0x00000000b4800000,0x00000000c86929e8,0x00000000cba00000)
 Metaspace       used 12812K, capacity 12998K, committed 13184K, reserved 1060864K
  class space    used 1261K, capacity 1306K, committed 1408K, reserved 1048576K
}
Event: 19.593 GC heap before
{Heap before GC invocations=102 (full 12):
 PSYoungGen      total 163840K, used 141600K [0x00000000e6d80000, 0x00000000f3980000, 0x0000000100000000)
  eden space 122880K, 100% used [0x00000000e6d80000,0x00000000ee580000,0x00000000ee580000)
  from space 40960K, 45% used [0x00000000ee580000,0x00000000ef7c8040,0x00000000f0d80000)
  to   space 38912K, 0% used [0x00000000f1380000,0x00000000f1380000,0x00000000f3980000)
 ParOldGen       total 378880K, used 326218K [0x00000000b4800000, 0x00000000cba00000, 0x00000000e6d80000)
  object space 378880K, 86% used [0x00000000b4800000,0x00000000c86929e8,0x00000000cba00000)
 Metaspace       used 12812K, capacity 12998K, committed 13184K, reserved 1060864K
  class space    used 1261K, capacity 1306K, committed 1408K, reserved 1048576K
Event: 19.645 GC heap after
Heap after GC invocations=102 (full 12):
 PSYoungGen      total 169984K, used 21216K [0x00000000e6d80000, 0x00000000f3880000, 0x0000000100000000)
  eden space 132096K, 0% used [0x00000000e6d80000,0x00000000e6d80000,0x00000000eee80000)
  from space 37888K, 55% used [0x00000000f1380000,0x00000000f2838040,0x00000000f3880000)
  to   space 37888K, 0% used [0x00000000eee80000,0x00000000eee80000,0x00000000f1380000)
 ParOldGen       total 378880K, used 326218K [0x00000000b4800000, 0x00000000cba00000, 0x00000000e6d80000)
  object space 378880K, 86% used [0x00000000b4800000,0x00000000c86929e8,0x00000000cba00000)
 Metaspace       used 12812K, capacity 12998K, committed 13184K, reserved 1060864K
  class space    used 1261K, capacity 1306K, committed 1408K, reserved 1048576K
}
Event: 19.858 GC heap before
{Heap before GC invocations=103 (full 12):
 PSYoungGen      total 169984K, used 153312K [0x00000000e6d80000, 0x00000000f3880000, 0x0000000100000000)
  eden space 132096K, 100% used [0x00000000e6d80000,0x00000000eee80000,0x00000000eee80000)
  from space 37888K, 55% used [0x00000000f1380000,0x00000000f2838040,0x00000000f3880000)
  to   space 37888K, 0% used [0x00000000eee80000,0x00000000eee80000,0x00000000f1380000)
 ParOldGen       total 378880K, used 326218K [0x00000000b4800000, 0x00000000cba00000, 0x00000000e6d80000)
  object space 378880K, 86% used [0x00000000b4800000,0x00000000c86929e8,0x00000000cba00000)
 Metaspace       used 12813K, capacity 12998K, committed 13184K, reserved 1060864K
  class space    used 1261K, capacity 1306K, committed 1408K, reserved 1048576K
Event: 19.897 GC heap after
Heap after GC invocations=103 (full 12):
 PSYoungGen      total 169984K, used 23744K [0x00000000e6d80000, 0x00000000f4200000, 0x0000000100000000)
  eden space 132096K, 0% used [0x00000000e6d80000,0x00000000e6d80000,0x00000000eee80000)
  from space 37888K, 62% used [0x00000000eee80000,0x00000000f05b0040,0x00000000f1380000)
  to   space 37888K, 0% used [0x00000000f1d00000,0x00000000f1d00000,0x00000000f4200000)
 ParOldGen       total 378880K, used 326218K [0x00000000b4800000, 0x00000000cba00000, 0x00000000e6d80000)
  object space 378880K, 86% used [0x00000000b4800000,0x00000000c86929e8,0x00000000cba00000)
 Metaspace       used 12813K, capacity 12998K, committed 13184K, reserved 1060864K
  class space    used 1261K, capacity 1306K, committed 1408K, reserved 1048576K
}
Event: 20.792 GC heap before
{Heap before GC invocations=104 (full 12):
 PSYoungGen      total 169984K, used 155840K [0x00000000e6d80000, 0x00000000f4200000, 0x0000000100000000)
  eden space 132096K, 100% used [0x00000000e6d80000,0x00000000eee80000,0x00000000eee80000)
  from space 37888K, 62% used [0x00000000eee80000,0x00000000f05b0040,0x00000000f1380000)
  to   space 37888K, 0% used [0x00000000f1d00000,0x00000000f1d00000,0x00000000f4200000)
 ParOldGen       total 378880K, used 326218K [0x00000000b4800000, 0x00000000cba00000, 0x00000000e6d80000)
  object space 378880K, 86% used [0x00000000b4800000,0x00000000c86929e8,0x00000000cba00000)
 Metaspace       used 12817K, capacity 12998K, committed 13184K, reserved 1060864K
  class space    used 1261K, capacity 1306K, committed 1408K, reserved 1048576K
Event: 20.941 GC heap after
Heap after GC invocations=104 (full 12):
 PSYoungGen      total 176128K, used 34336K [0x00000000e6d80000, 0x00000000f4880000, 0x0000000100000000)
  eden space 138240K, 0% used [0x00000000e6d80000,0x00000000e6d80000,0x00000000ef480000)
  from space 37888K, 90% used [0x00000000f1d00000,0x00000000f3e88190,0x00000000f4200000)
  to   space 41472K, 0% used [0x00000000ef480000,0x00000000ef480000,0x00000000f1d00000)
 ParOldGen       total 378880K, used 326218K [0x00000000b4800000, 0x00000000cba00000, 0x00000000e6d80000)
  object space 378880K, 86% used [0x00000000b4800000,0x00000000c86929e8,0x00000000cba00000)
 Metaspace       used 12817K, capacity 12998K, committed 13184K, reserved 1060864K
  class space    used 1261K, capacity 1306K, committed 1408K, reserved 1048576K
}
Event: 24.404 GC heap before
{Heap before GC invocations=105 (full 12):
 PSYoungGen      total 176128K, used 172576K [0x00000000e6d80000, 0x00000000f4880000, 0x0000000100000000)
  eden space 138240K, 100% used [0x00000000e6d80000,0x00000000ef480000,0x00000000ef480000)
  from space 37888K, 90% used [0x00000000f1d00000,0x00000000f3e88190,0x00000000f4200000)
  to   space 41472K, 0% used [0x00000000ef480000,0x00000000ef480000,0x00000000f1d00000)
 ParOldGen       total 378880K, used 326218K [0x00000000b4800000, 0x00000000cba00000, 0x00000000e6d80000)
  object space 378880K, 86% used [0x00000000b4800000,0x00000000c86929e8,0x00000000cba00000)
 Metaspace       used 12819K, capacity 12998K, committed 13184K, reserved 1060864K
  class space    used 1261K, capacity 1306K, committed 1408K, reserved 1048576K
Event: 24.673 GC heap after
Heap after GC invocations=105 (full 12):
 PSYoungGen      total 179712K, used 41311K [0x00000000e6d80000, 0x00000000f5900000, 0x0000000100000000)
  eden space 138240K, 0% used [0x00000000e6d80000,0x00000000e6d80000,0x00000000ef480000)
  from space 41472K, 99% used [0x00000000ef480000,0x00000000f1cd7f30,0x00000000f1d00000)
  to   space 47104K, 0% used [0x00000000f2b00000,0x00000000f2b00000,0x00000000f5900000)
 ParOldGen       total 378880K, used 326218K [0x00000000b4800000, 0x00000000cba00000, 0x00000000e6d80000)
  object space 378880K, 86% used [0x00000000b4800000,0x00000000c86929e8,0x00000000cba00000)
 Metaspace       used 12819K, capacity 12998K, committed 13184K, reserved 1060864K
  class space    used 1261K, capacity 1306K, committed 1408K, reserved 1048576K
}
Event: 27.088 GC heap before
{Heap before GC invocations=106 (full 12):
 PSYoungGen      total 179712K, used 179551K [0x00000000e6d80000, 0x00000000f5900000, 0x0000000100000000)
  eden space 138240K, 100% used [0x00000000e6d80000,0x00000000ef480000,0x00000000ef480000)
  from space 41472K, 99% used [0x00000000ef480000,0x00000000f1cd7f30,0x00000000f1d00000)
  to   space 47104K, 0% used [0x00000000f2b00000,0x00000000f2b00000,0x00000000f5900000)
 ParOldGen       total 378880K, used 326218K [0x00000000b4800000, 0x00000000cba00000, 0x00000000e6d80000)
  object space 378880K, 86% used [0x00000000b4800000,0x00000000c86929e8,0x00000000cba00000)
 Metaspace       used 12843K, capacity 12998K, committed 13184K, reserved 1060864K
  class space    used 1261K, capacity 1306K, committed 1408K, reserved 1048576K

