# JRE version: Java(TM) SE Runtime Environment (8.0_161-b12) (build 1.8.0_161-b12)
# Java VM: Java HotSpot(TM) 64-Bit Server VM (25.161-b12 mixed mode linux-amd64 compressed oops)
Heap:
 PSYoungGen      total 84992K, used 15234K [0x00000000eb780000, 0x00000000f3200000, 0x0000000100000000)
  eden space 49152K, 0% used [0x00000000eb780000,0x00000000eb780000,0x00000000ee780000)
  from space 35840K, 42% used [0x00000000ee780000,0x00000000ef660ab8,0x00000000f0a80000)
  to   space 34816K, 0% used [0x00000000f1000000,0x00000000f1000000,0x00000000f3200000)
 ParOldGen       total 236544K, used 236385K [0x00000000c2600000, 0x00000000d0d00000, 0x00000000eb780000)
  object space 236544K, 99% used [0x00000000c2600000,0x00000000d0cd8710,0x00000000d0d00000)
 Metaspace       used 8785K, capacity 9300K, committed 9472K, reserved 1058816K
  class space    used 945K, capacity 976K, committed 1024K, reserved 1048576K
GC Heap History (10 events):
Event: 4.212 GC heap after
Heap after GC invocations=35 (full 7):
 PSYoungGen      total 79872K, used 16167K [0x00000000eb780000, 0x00000000f2480000, 0x0000000100000000)
  eden space 48128K, 0% used [0x00000000eb780000,0x00000000eb780000,0x00000000ee680000)
  from space 31744K, 50% used [0x00000000f0580000,0x00000000f1549c10,0x00000000f2480000)
  to   space 31744K, 0% used [0x00000000ee680000,0x00000000ee680000,0x00000000f0580000)
 ParOldGen       total 188928K, used 188597K [0x00000000c2600000, 0x00000000cde80000, 0x00000000eb780000)
  object space 188928K, 99% used [0x00000000c2600000,0x00000000cde2d630,0x00000000cde80000)
 Metaspace       used 7959K, capacity 8564K, committed 8704K, reserved 1056768K
  class space    used 910K, capacity 944K, committed 1024K, reserved 1048576K
}
Event: 4.212 GC heap before
{Heap before GC invocations=36 (full 8):
 PSYoungGen      total 79872K, used 16167K [0x00000000eb780000, 0x00000000f2480000, 0x0000000100000000)
  eden space 48128K, 0% used [0x00000000eb780000,0x00000000eb780000,0x00000000ee680000)
  from space 31744K, 50% used [0x00000000f0580000,0x00000000f1549c10,0x00000000f2480000)
  to   space 31744K, 0% used [0x00000000ee680000,0x00000000ee680000,0x00000000f0580000)
 ParOldGen       total 188928K, used 188597K [0x00000000c2600000, 0x00000000cde80000, 0x00000000eb780000)
  object space 188928K, 99% used [0x00000000c2600000,0x00000000cde2d630,0x00000000cde80000)
 Metaspace       used 7959K, capacity 8564K, committed 8704K, reserved 1056768K
  class space    used 910K, capacity 944K, committed 1024K, reserved 1048576K
Event: 4.688 GC heap after
Heap after GC invocations=36 (full 8):
 PSYoungGen      total 79872K, used 15044K [0x00000000eb780000, 0x00000000f2480000, 0x0000000100000000)
  eden space 48128K, 0% used [0x00000000eb780000,0x00000000eb780000,0x00000000ee680000)
  from space 31744K, 47% used [0x00000000f0580000,0x00000000f14311f8,0x00000000f2480000)
  to   space 31744K, 0% used [0x00000000ee680000,0x00000000ee680000,0x00000000f0580000)
 ParOldGen       total 236544K, used 188254K [0x00000000c2600000, 0x00000000d0d00000, 0x00000000eb780000)
  object space 236544K, 79% used [0x00000000c2600000,0x00000000cddd79f8,0x00000000d0d00000)
 Metaspace       used 7959K, capacity 8564K, committed 8704K, reserved 1056768K
  class space    used 910K, capacity 944K, committed 1024K, reserved 1048576K
}
Event: 5.003 GC heap before
{Heap before GC invocations=37 (full 8):
 PSYoungGen      total 79872K, used 63172K [0x00000000eb780000, 0x00000000f2480000, 0x0000000100000000)
  eden space 48128K, 100% used [0x00000000eb780000,0x00000000ee680000,0x00000000ee680000)
  from space 31744K, 47% used [0x00000000f0580000,0x00000000f14311f8,0x00000000f2480000)
  to   space 31744K, 0% used [0x00000000ee680000,0x00000000ee680000,0x00000000f0580000)
 ParOldGen       total 236544K, used 188254K [0x00000000c2600000, 0x00000000d0d00000, 0x00000000eb780000)
  object space 236544K, 79% used [0x00000000c2600000,0x00000000cddd79f8,0x00000000d0d00000)
 Metaspace       used 8435K, capacity 9044K, committed 9216K, reserved 1056768K
  class space    used 931K, capacity 976K, committed 1024K, reserved 1048576K
Event: 5.096 GC heap after
Heap after GC invocations=37 (full 8):
 PSYoungGen      total 79872K, used 9925K [0x00000000eb780000, 0x00000000f2880000, 0x0000000100000000)
  eden space 48128K, 0% used [0x00000000eb780000,0x00000000eb780000,0x00000000ee680000)
  from space 31744K, 31% used [0x00000000ee680000,0x00000000ef031460,0x00000000f0580000)
  to   space 30720K, 0% used [0x00000000f0a80000,0x00000000f0a80000,0x00000000f2880000)
 ParOldGen       total 236544K, used 203115K [0x00000000c2600000, 0x00000000d0d00000, 0x00000000eb780000)
  object space 236544K, 85% used [0x00000000c2600000,0x00000000cec5af00,0x00000000d0d00000)
 Metaspace       used 8435K, capacity 9044K, committed 9216K, reserved 1056768K
  class space    used 931K, capacity 976K, committed 1024K, reserved 1048576K
}
Event: 5.431 GC heap before
{Heap before GC invocations=38 (full 8):
 PSYoungGen      total 79872K, used 58053K [0x00000000eb780000, 0x00000000f2880000, 0x0000000100000000)
  eden space 48128K, 100% used [0x00000000eb780000,0x00000000ee680000,0x00000000ee680000)
  from space 31744K, 31% used [0x00000000ee680000,0x00000000ef031460,0x00000000f0580000)
  to   space 30720K, 0% used [0x00000000f0a80000,0x00000000f0a80000,0x00000000f2880000)
 ParOldGen       total 236544K, used 203115K [0x00000000c2600000, 0x00000000d0d00000, 0x00000000eb780000)
  object space 236544K, 85% used [0x00000000c2600000,0x00000000cec5af00,0x00000000d0d00000)
 Metaspace       used 8623K, capacity 9172K, committed 9472K, reserved 1058816K
  class space    used 931K, capacity 976K, committed 1024K, reserved 1048576K
Event: 5.542 GC heap after
Heap after GC invocations=38 (full 8):
 PSYoungGen      total 79872K, used 30697K [0x00000000eb780000, 0x00000000f3300000, 0x0000000100000000)
  eden space 49152K, 0% used [0x00000000eb780000,0x00000000eb780000,0x00000000ee780000)
  from space 30720K, 99% used [0x00000000f0a80000,0x00000000f287a4b0,0x00000000f2880000)
  to   space 35840K, 0% used [0x00000000ee780000,0x00000000ee780000,0x00000000f0a80000)
 ParOldGen       total 236544K, used 203892K [0x00000000c2600000, 0x00000000d0d00000, 0x00000000eb780000)
  object space 236544K, 86% used [0x00000000c2600000,0x00000000ced1d108,0x00000000d0d00000)
 Metaspace       used 8623K, capacity 9172K, committed 9472K, reserved 1058816K
  class space    used 931K, capacity 976K, committed 1024K, reserved 1048576K
}
Event: 5.884 GC heap before
{Heap before GC invocations=39 (full 8):
 PSYoungGen      total 79872K, used 79849K [0x00000000eb780000, 0x00000000f3300000, 0x0000000100000000)
  eden space 49152K, 100% used [0x00000000eb780000,0x00000000ee780000,0x00000000ee780000)
  from space 30720K, 99% used [0x00000000f0a80000,0x00000000f287a4b0,0x00000000f2880000)
  to   space 35840K, 0% used [0x00000000ee780000,0x00000000ee780000,0x00000000f0a80000)
 ParOldGen       total 236544K, used 203892K [0x00000000c2600000, 0x00000000d0d00000, 0x00000000eb780000)
  object space 236544K, 86% used [0x00000000c2600000,0x00000000ced1d108,0x00000000d0d00000)
 Metaspace       used 8785K, capacity 9300K, committed 9472K, reserved 1058816K
  class space    used 945K, capacity 976K, committed 1024K, reserved 1048576K
Event: 6.020 GC heap after
Heap after GC invocations=39 (full 8):
 PSYoungGen      total 84992K, used 18931K [0x00000000eb780000, 0x00000000f3200000, 0x0000000100000000)
  eden space 49152K, 0% used [0x00000000eb780000,0x00000000eb780000,0x00000000ee780000)
  from space 35840K, 52% used [0x00000000ee780000,0x00000000ef9fcff8,0x00000000f0a80000)
  to   space 34816K, 0% used [0x00000000f1000000,0x00000000f1000000,0x00000000f3200000)
 ParOldGen       total 236544K, used 233835K [0x00000000c2600000, 0x00000000d0d00000, 0x00000000eb780000)
  object space 236544K, 98% used [0x00000000c2600000,0x00000000d0a5aca8,0x00000000d0d00000)
 Metaspace       used 8785K, capacity 9300K, committed 9472K, reserved 1058816K
  class space    used 945K, capacity 976K, committed 1024K, reserved 1048576K
}
Event: 6.021 GC heap before
{Heap before GC invocations=40 (full 9):
 PSYoungGen      total 84992K, used 18931K [0x00000000eb780000, 0x00000000f3200000, 0x0000000100000000)
  eden space 49152K, 0% used [0x00000000eb780000,0x00000000eb780000,0x00000000ee780000)
  from space 35840K, 52% used [0x00000000ee780000,0x00000000ef9fcff8,0x00000000f0a80000)
  to   space 34816K, 0% used [0x00000000f1000000,0x00000000f1000000,0x00000000f3200000)
 ParOldGen       total 236544K, used 233835K [0x00000000c2600000, 0x00000000d0d00000, 0x00000000eb780000)
  object space 236544K, 98% used [0x00000000c2600000,0x00000000d0a5aca8,0x00000000d0d00000)
 Metaspace       used 8785K, capacity 9300K, committed 9472K, reserved 1058816K
  class space    used 945K, capacity 976K, committed 1024K, reserved 1048576K

